::1 - - [19/Sep/2020:17:09:08 +0000] "GET /users/profile/5eee238cab411523e8e52729 HTTP/1.1" 302 72 "http://localhost:8000/" "Mozilla/5.0 (Windows NT 10.0; Win64; x64) AppleWebKit/537.36 (KHTML, like Gecko) Chrome/85.0.4183.102 Safari/537.36"
::1 - - [19/Sep/2020:17:09:08 +0000] "GET /users/sign-in HTTP/1.1" 200 3518 "http://localhost:8000/" "Mozilla/5.0 (Windows NT 10.0; Win64; x64) AppleWebKit/537.36 (KHTML, like Gecko) Chrome/85.0.4183.102 Safari/537.36"
::1 - - [19/Sep/2020:17:09:11 +0000] "GET /users/sign-in HTTP/1.1" 304 - "http://localhost:8000/users/sign-in" "Mozilla/5.0 (Windows NT 10.0; Win64; x64) AppleWebKit/537.36 (KHTML, like Gecko) Chrome/85.0.4183.102 Safari/537.36"
::1 - - [19/Sep/2020:17:09:25 +0000] "POST /users/create-session HTTP/1.1" 302 46 "http://localhost:8000/users/sign-in" "Mozilla/5.0 (Windows NT 10.0; Win64; x64) AppleWebKit/537.36 (KHTML, like Gecko) Chrome/85.0.4183.102 Safari/537.36"
::1 - - [19/Sep/2020:17:09:25 +0000] "GET / HTTP/1.1" 200 10056 "http://localhost:8000/users/sign-in" "Mozilla/5.0 (Windows NT 10.0; Win64; x64) AppleWebKit/537.36 (KHTML, like Gecko) Chrome/85.0.4183.102 Safari/537.36"
::1 - - [19/Sep/2020:17:09:36 +0000] "GET /users/profile/5f5089227e42a12804566c6f HTTP/1.1" 200 4097 "http://localhost:8000/" "Mozilla/5.0 (Windows NT 10.0; Win64; x64) AppleWebKit/537.36 (KHTML, like Gecko) Chrome/85.0.4183.102 Safari/537.36"
::1 - - [19/Sep/2020:17:10:57 +0000] "GET /users/profile/5f5089227e42a12804566c6f HTTP/1.1" 200 4107 "http://localhost:8000/" "Mozilla/5.0 (Windows NT 10.0; Win64; x64) AppleWebKit/537.36 (KHTML, like Gecko) Chrome/85.0.4183.102 Safari/537.36"
::1 - - [19/Sep/2020:17:12:02 +0000] "GET /users/profile/5f5089227e42a12804566c6f HTTP/1.1" 304 - "http://localhost:8000/" "Mozilla/5.0 (Windows NT 10.0; Win64; x64) AppleWebKit/537.36 (KHTML, like Gecko) Chrome/85.0.4183.102 Safari/537.36"
::1 - - [19/Sep/2020:17:46:59 +0000] "GET /users/profile/5f5089227e42a12804566c6f HTTP/1.1" 500 1818 "http://localhost:8000/" "Mozilla/5.0 (Windows NT 10.0; Win64; x64) AppleWebKit/537.36 (KHTML, like Gecko) Chrome/85.0.4183.102 Safari/537.36"
::1 - - [19/Sep/2020:17:50:16 +0000] "GET /users/profile/5f5089227e42a12804566c6f HTTP/1.1" 500 1818 "http://localhost:8000/" "Mozilla/5.0 (Windows NT 10.0; Win64; x64) AppleWebKit/537.36 (KHTML, like Gecko) Chrome/85.0.4183.102 Safari/537.36"
::1 - - [19/Sep/2020:17:50:18 +0000] "GET /users/profile/5f5089227e42a12804566c6f HTTP/1.1" 500 1818 "http://localhost:8000/" "Mozilla/5.0 (Windows NT 10.0; Win64; x64) AppleWebKit/537.36 (KHTML, like Gecko) Chrome/85.0.4183.102 Safari/537.36"
::1 - - [19/Sep/2020:17:50:19 +0000] "GET /users/profile/5f5089227e42a12804566c6f HTTP/1.1" 500 1818 "http://localhost:8000/" "Mozilla/5.0 (Windows NT 10.0; Win64; x64) AppleWebKit/537.36 (KHTML, like Gecko) Chrome/85.0.4183.102 Safari/537.36"
::1 - - [19/Sep/2020:17:50:19 +0000] "GET /users/profile/5f5089227e42a12804566c6f HTTP/1.1" 500 1818 "http://localhost:8000/" "Mozilla/5.0 (Windows NT 10.0; Win64; x64) AppleWebKit/537.36 (KHTML, like Gecko) Chrome/85.0.4183.102 Safari/537.36"
::1 - - [19/Sep/2020:17:50:19 +0000] "GET /users/profile/5f5089227e42a12804566c6f HTTP/1.1" 500 1818 "http://localhost:8000/" "Mozilla/5.0 (Windows NT 10.0; Win64; x64) AppleWebKit/537.36 (KHTML, like Gecko) Chrome/85.0.4183.102 Safari/537.36"
::1 - - [19/Sep/2020:17:50:19 +0000] "GET /users/profile/5f5089227e42a12804566c6f HTTP/1.1" 500 1818 "http://localhost:8000/" "Mozilla/5.0 (Windows NT 10.0; Win64; x64) AppleWebKit/537.36 (KHTML, like Gecko) Chrome/85.0.4183.102 Safari/537.36"
::1 - - [19/Sep/2020:17:50:20 +0000] "GET /users/profile/5f5089227e42a12804566c6f HTTP/1.1" 500 1818 "http://localhost:8000/" "Mozilla/5.0 (Windows NT 10.0; Win64; x64) AppleWebKit/537.36 (KHTML, like Gecko) Chrome/85.0.4183.102 Safari/537.36"
::1 - - [19/Sep/2020:17:50:20 +0000] "GET /users/profile/5f5089227e42a12804566c6f HTTP/1.1" 500 1818 "http://localhost:8000/" "Mozilla/5.0 (Windows NT 10.0; Win64; x64) AppleWebKit/537.36 (KHTML, like Gecko) Chrome/85.0.4183.102 Safari/537.36"
::1 - - [19/Sep/2020:17:51:12 +0000] "GET /users/profile/5f5089227e42a12804566c6f HTTP/1.1" 500 1818 "http://localhost:8000/" "Mozilla/5.0 (Windows NT 10.0; Win64; x64) AppleWebKit/537.36 (KHTML, like Gecko) Chrome/85.0.4183.102 Safari/537.36"
::1 - - [19/Sep/2020:17:51:15 +0000] "GET /users/profile/5f5089227e42a12804566c6f HTTP/1.1" 500 1818 "http://localhost:8000/" "Mozilla/5.0 (Windows NT 10.0; Win64; x64) AppleWebKit/537.36 (KHTML, like Gecko) Chrome/85.0.4183.102 Safari/537.36"
::1 - - [19/Sep/2020:17:52:53 +0000] "GET /users/profile/5f5089227e42a12804566c6f HTTP/1.1" 500 1927 "http://localhost:8000/" "Mozilla/5.0 (Windows NT 10.0; Win64; x64) AppleWebKit/537.36 (KHTML, like Gecko) Chrome/85.0.4183.102 Safari/537.36"
::1 - - [19/Sep/2020:17:53:42 +0000] "GET /users/profile/5f5089227e42a12804566c6f HTTP/1.1" 500 3030 "http://localhost:8000/" "Mozilla/5.0 (Windows NT 10.0; Win64; x64) AppleWebKit/537.36 (KHTML, like Gecko) Chrome/85.0.4183.102 Safari/537.36"
::1 - - [19/Sep/2020:17:54:25 +0000] "GET /users/profile/5f5089227e42a12804566c6f HTTP/1.1" 200 4259 "http://localhost:8000/" "Mozilla/5.0 (Windows NT 10.0; Win64; x64) AppleWebKit/537.36 (KHTML, like Gecko) Chrome/85.0.4183.102 Safari/537.36"
::1 - - [19/Sep/2020:17:54:54 +0000] "GET / HTTP/1.1" 200 8879 "http://localhost:8000/users/sign-in" "Mozilla/5.0 (Windows NT 10.0; Win64; x64) AppleWebKit/537.36 (KHTML, like Gecko) Chrome/85.0.4183.102 Safari/537.36"
::1 - - [19/Sep/2020:17:55:18 +0000] "POST /search HTTP/1.1" 200 342 "http://localhost:8000/" "Mozilla/5.0 (Windows NT 10.0; Win64; x64) AppleWebKit/537.36 (KHTML, like Gecko) Chrome/85.0.4183.102 Safari/537.36"
::1 - - [19/Sep/2020:17:55:20 +0000] "GET /users/profile/5f4e8d88f0146c15e490daec HTTP/1.1" 200 3887 "http://localhost:8000/" "Mozilla/5.0 (Windows NT 10.0; Win64; x64) AppleWebKit/537.36 (KHTML, like Gecko) Chrome/85.0.4183.102 Safari/537.36"
::1 - - [19/Sep/2020:17:58:47 +0000] "GET /users/profile/5f4e8d88f0146c15e490daec HTTP/1.1" 200 3961 "http://localhost:8000/" "Mozilla/5.0 (Windows NT 10.0; Win64; x64) AppleWebKit/537.36 (KHTML, like Gecko) Chrome/85.0.4183.102 Safari/537.36"
::1 - - [19/Sep/2020:18:02:10 +0000] "GET /users/profile/5f4e8d88f0146c15e490daec HTTP/1.1" 200 4246 "http://localhost:8000/" "Mozilla/5.0 (Windows NT 10.0; Win64; x64) AppleWebKit/537.36 (KHTML, like Gecko) Chrome/85.0.4183.102 Safari/537.36"
::1 - - [19/Sep/2020:18:02:14 +0000] "GET /friends/sendreq/5f4e8d88f0146c15e490daec HTTP/1.1" 404 179 "http://localhost:8000/users/profile/5f4e8d88f0146c15e490daec" "Mozilla/5.0 (Windows NT 10.0; Win64; x64) AppleWebKit/537.36 (KHTML, like Gecko) Chrome/85.0.4183.102 Safari/537.36"
::1 - - [19/Sep/2020:18:04:11 +0000] "POST /search HTTP/1.1" 200 285 "http://localhost:8000/" "Mozilla/5.0 (Windows NT 10.0; Win64; x64) AppleWebKit/537.36 (KHTML, like Gecko) Chrome/85.0.4183.102 Safari/537.36"
::1 - - [19/Sep/2020:18:04:11 +0000] "GET /undefined HTTP/1.1" 404 148 "http://localhost:8000/" "Mozilla/5.0 (Windows NT 10.0; Win64; x64) AppleWebKit/537.36 (KHTML, like Gecko) Chrome/85.0.4183.102 Safari/537.36"
::1 - - [19/Sep/2020:18:04:12 +0000] "GET /users/profile/5f0f3e2f8e7ce0412c038fd1 HTTP/1.1" 200 4204 "http://localhost:8000/" "Mozilla/5.0 (Windows NT 10.0; Win64; x64) AppleWebKit/537.36 (KHTML, like Gecko) Chrome/85.0.4183.102 Safari/537.36"
::1 - - [19/Sep/2020:18:04:26 +0000] "GET /friends/sendreq/5f0f3e2f8e7ce0412c038fd1 HTTP/1.1" 404 179 "http://localhost:8000/users/profile/5f0f3e2f8e7ce0412c038fd1" "Mozilla/5.0 (Windows NT 10.0; Win64; x64) AppleWebKit/537.36 (KHTML, like Gecko) Chrome/85.0.4183.102 Safari/537.36"
::1 - - [19/Sep/2020:18:09:30 +0000] "GET /users/profile/5f0f3e2f8e7ce0412c038fd1 HTTP/1.1" 304 - "http://localhost:8000/" "Mozilla/5.0 (Windows NT 10.0; Win64; x64) AppleWebKit/537.36 (KHTML, like Gecko) Chrome/85.0.4183.102 Safari/537.36"
::1 - - [19/Sep/2020:18:09:33 +0000] "GET /friends/sendreq/5f0f3e2f8e7ce0412c038fd1 HTTP/1.1" 200 53 "http://localhost:8000/users/profile/5f0f3e2f8e7ce0412c038fd1" "Mozilla/5.0 (Windows NT 10.0; Win64; x64) AppleWebKit/537.36 (KHTML, like Gecko) Chrome/85.0.4183.102 Safari/537.36"
::1 - - [19/Sep/2020:18:10:04 +0000] "GET /users/sign-out HTTP/1.1" 302 46 "http://localhost:8000/" "Mozilla/5.0 (Windows NT 10.0; Win64; x64) AppleWebKit/537.36 (KHTML, like Gecko) Chrome/85.0.4183.102 Safari/537.36"
::ffff:127.0.0.1 - - [19/Sep/2020:18:12:17 +0000] "GET / HTTP/1.1" - - "http://localhost:8000/" "Mozilla/5.0 (Windows NT 10.0; Win64; x64) AppleWebKit/537.36 (KHTML, like Gecko) Chrome/85.0.4183.102 Safari/537.36"
::1 - - [19/Sep/2020:18:12:17 +0000] "GET /users/sign-out HTTP/1.1" 302 46 "http://localhost:8000/" "Mozilla/5.0 (Windows NT 10.0; Win64; x64) AppleWebKit/537.36 (KHTML, like Gecko) Chrome/85.0.4183.102 Safari/537.36"
::1 - - [19/Sep/2020:18:14:52 +0000] "GET / HTTP/1.1" 500 2117 "http://localhost:8000/" "Mozilla/5.0 (Windows NT 10.0; Win64; x64) AppleWebKit/537.36 (KHTML, like Gecko) Chrome/85.0.4183.102 Safari/537.36"
::1 - - [19/Sep/2020:18:17:38 +0000] "GET / HTTP/1.1" 500 1854 "http://localhost:8000/" "Mozilla/5.0 (Windows NT 10.0; Win64; x64) AppleWebKit/537.36 (KHTML, like Gecko) Chrome/85.0.4183.102 Safari/537.36"
::1 - - [19/Sep/2020:18:19:03 +0000] "GET / HTTP/1.1" 500 1854 "http://localhost:8000/" "Mozilla/5.0 (Windows NT 10.0; Win64; x64) AppleWebKit/537.36 (KHTML, like Gecko) Chrome/85.0.4183.102 Safari/537.36"
::1 - - [19/Sep/2020:18:19:04 +0000] "GET / HTTP/1.1" 500 1854 "http://localhost:8000/" "Mozilla/5.0 (Windows NT 10.0; Win64; x64) AppleWebKit/537.36 (KHTML, like Gecko) Chrome/85.0.4183.102 Safari/537.36"
::1 - - [19/Sep/2020:18:19:59 +0000] "GET / HTTP/1.1" 200 6048 "http://localhost:8000/" "Mozilla/5.0 (Windows NT 10.0; Win64; x64) AppleWebKit/537.36 (KHTML, like Gecko) Chrome/85.0.4183.102 Safari/537.36"
::1 - - [19/Sep/2020:18:20:11 +0000] "GET /users/sign-in HTTP/1.1" 200 3518 "http://localhost:8000/" "Mozilla/5.0 (Windows NT 10.0; Win64; x64) AppleWebKit/537.36 (KHTML, like Gecko) Chrome/85.0.4183.102 Safari/537.36"
::1 - - [19/Sep/2020:18:20:19 +0000] "POST /users/create-session HTTP/1.1" 302 46 "http://localhost:8000/users/sign-in" "Mozilla/5.0 (Windows NT 10.0; Win64; x64) AppleWebKit/537.36 (KHTML, like Gecko) Chrome/85.0.4183.102 Safari/537.36"
::1 - - [19/Sep/2020:18:20:19 +0000] "GET / HTTP/1.1" 200 9180 "http://localhost:8000/users/sign-in" "Mozilla/5.0 (Windows NT 10.0; Win64; x64) AppleWebKit/537.36 (KHTML, like Gecko) Chrome/85.0.4183.102 Safari/537.36"
::1 - - [19/Sep/2020:18:20:27 +0000] "GET /users/sign-out HTTP/1.1" 302 46 "http://localhost:8000/" "Mozilla/5.0 (Windows NT 10.0; Win64; x64) AppleWebKit/537.36 (KHTML, like Gecko) Chrome/85.0.4183.102 Safari/537.36"
::1 - - [19/Sep/2020:18:20:27 +0000] "GET / HTTP/1.1" 200 6322 "http://localhost:8000/" "Mozilla/5.0 (Windows NT 10.0; Win64; x64) AppleWebKit/537.36 (KHTML, like Gecko) Chrome/85.0.4183.102 Safari/537.36"
::1 - - [19/Sep/2020:18:20:32 +0000] "GET /users/sign-in HTTP/1.1" 304 - "http://localhost:8000/" "Mozilla/5.0 (Windows NT 10.0; Win64; x64) AppleWebKit/537.36 (KHTML, like Gecko) Chrome/85.0.4183.102 Safari/537.36"
::1 - - [19/Sep/2020:18:20:44 +0000] "GET /users/auth/google HTTP/1.1" 302 0 "http://localhost:8000/users/sign-in" "Mozilla/5.0 (Windows NT 10.0; Win64; x64) AppleWebKit/537.36 (KHTML, like Gecko) Chrome/85.0.4183.102 Safari/537.36"
::1 - - [19/Sep/2020:18:20:56 +0000] "GET /users/auth/google/callback?code=4%2F4QGhP3exMvzFQidm2teR0_vVPhrzkDZmcacpyG0YccnGTXLch6SRUINsFERvG3ghlsJTbJW4YyEZTs5NB4ZO4Zs&scope=email+profile+https%3A%2F%2Fwww.googleapis.com%2Fauth%2Fuserinfo.profile+https%3A%2F%2Fwww.googleapis.com%2Fauth%2Fuserinfo.email+openid&authuser=3&prompt=consent HTTP/1.1" 302 46 "-" "Mozilla/5.0 (Windows NT 10.0; Win64; x64) AppleWebKit/537.36 (KHTML, like Gecko) Chrome/85.0.4183.102 Safari/537.36"
::1 - - [19/Sep/2020:18:20:56 +0000] "GET / HTTP/1.1" 200 8771 "-" "Mozilla/5.0 (Windows NT 10.0; Win64; x64) AppleWebKit/537.36 (KHTML, like Gecko) Chrome/85.0.4183.102 Safari/537.36"
::1 - - [19/Sep/2020:18:21:01 +0000] "GET /users/profile/5f0f3e2f8e7ce0412c038fd1 HTTP/1.1" 200 4895 "http://localhost:8000/" "Mozilla/5.0 (Windows NT 10.0; Win64; x64) AppleWebKit/537.36 (KHTML, like Gecko) Chrome/85.0.4183.102 Safari/537.36"
::1 - - [19/Sep/2020:18:21:12 +0000] "GET /friends/accept/5f5089227e42a12804566c6f HTTP/1.1" 302 164 "http://localhost:8000/users/profile/5f0f3e2f8e7ce0412c038fd1" "Mozilla/5.0 (Windows NT 10.0; Win64; x64) AppleWebKit/537.36 (KHTML, like Gecko) Chrome/85.0.4183.102 Safari/537.36"
::1 - - [19/Sep/2020:18:21:12 +0000] "GET /users/profile/5f0f3e2f8e7ce0412c038fd1 HTTP/1.1" 200 4514 "http://localhost:8000/users/profile/5f0f3e2f8e7ce0412c038fd1" "Mozilla/5.0 (Windows NT 10.0; Win64; x64) AppleWebKit/537.36 (KHTML, like Gecko) Chrome/85.0.4183.102 Safari/537.36"
::1 - - [19/Sep/2020:18:21:32 +0000] "GET / HTTP/1.1" 200 8879 "http://localhost:8000/users/profile/5f0f3e2f8e7ce0412c038fd1" "Mozilla/5.0 (Windows NT 10.0; Win64; x64) AppleWebKit/537.36 (KHTML, like Gecko) Chrome/85.0.4183.102 Safari/537.36"
::1 - - [19/Sep/2020:18:25:23 +0000] "GET / HTTP/1.1" 200 8917 "http://localhost:8000/users/profile/5f0f3e2f8e7ce0412c038fd1" "Mozilla/5.0 (Windows NT 10.0; Win64; x64) AppleWebKit/537.36 (KHTML, like Gecko) Chrome/85.0.4183.102 Safari/537.36"
::1 - - [19/Sep/2020:18:26:09 +0000] "GET / HTTP/1.1" 200 8897 "http://localhost:8000/users/profile/5f0f3e2f8e7ce0412c038fd1" "Mozilla/5.0 (Windows NT 10.0; Win64; x64) AppleWebKit/537.36 (KHTML, like Gecko) Chrome/85.0.4183.102 Safari/537.36"
::1 - - [19/Sep/2020:18:27:49 +0000] "GET / HTTP/1.1" 200 8972 "http://localhost:8000/users/profile/5f0f3e2f8e7ce0412c038fd1" "Mozilla/5.0 (Windows NT 10.0; Win64; x64) AppleWebKit/537.36 (KHTML, like Gecko) Chrome/85.0.4183.102 Safari/537.36"
::1 - - [19/Sep/2020:18:27:55 +0000] "GET /users/profile/5f5089227e42a12804566c6f HTTP/1.1" 200 4259 "http://localhost:8000/" "Mozilla/5.0 (Windows NT 10.0; Win64; x64) AppleWebKit/537.36 (KHTML, like Gecko) Chrome/85.0.4183.102 Safari/537.36"
::1 - - [19/Sep/2020:18:28:33 +0000] "POST /search HTTP/1.1" 200 62 "http://localhost:8000/" "Mozilla/5.0 (Windows NT 10.0; Win64; x64) AppleWebKit/537.36 (KHTML, like Gecko) Chrome/85.0.4183.102 Safari/537.36"
::1 - - [19/Sep/2020:18:28:38 +0000] "POST /search HTTP/1.1" 200 62 "http://localhost:8000/" "Mozilla/5.0 (Windows NT 10.0; Win64; x64) AppleWebKit/537.36 (KHTML, like Gecko) Chrome/85.0.4183.102 Safari/537.36"
::1 - - [19/Sep/2020:18:28:50 +0000] "POST /search HTTP/1.1" 200 62 "http://localhost:8000/" "Mozilla/5.0 (Windows NT 10.0; Win64; x64) AppleWebKit/537.36 (KHTML, like Gecko) Chrome/85.0.4183.102 Safari/537.36"
::1 - - [19/Sep/2020:18:29:05 +0000] "POST /search HTTP/1.1" 200 342 "http://localhost:8000/" "Mozilla/5.0 (Windows NT 10.0; Win64; x64) AppleWebKit/537.36 (KHTML, like Gecko) Chrome/85.0.4183.102 Safari/537.36"
::1 - - [19/Sep/2020:18:29:07 +0000] "GET /users/profile/5f4e8d88f0146c15e490daec HTTP/1.1" 200 4224 "http://localhost:8000/" "Mozilla/5.0 (Windows NT 10.0; Win64; x64) AppleWebKit/537.36 (KHTML, like Gecko) Chrome/85.0.4183.102 Safari/537.36"
::1 - - [19/Sep/2020:18:29:11 +0000] "GET /friends/sendreq/5f4e8d88f0146c15e490daec HTTP/1.1" 200 53 "http://localhost:8000/users/profile/5f4e8d88f0146c15e490daec" "Mozilla/5.0 (Windows NT 10.0; Win64; x64) AppleWebKit/537.36 (KHTML, like Gecko) Chrome/85.0.4183.102 Safari/537.36"
::1 - - [19/Sep/2020:18:29:14 +0000] "GET /friends/sendreq/5f4e8d88f0146c15e490daec HTTP/1.1" 200 53 "http://localhost:8000/users/profile/5f4e8d88f0146c15e490daec" "Mozilla/5.0 (Windows NT 10.0; Win64; x64) AppleWebKit/537.36 (KHTML, like Gecko) Chrome/85.0.4183.102 Safari/537.36"
