::1 - - [23/Sep/2020:14:21:44 +0000] "GET / HTTP/1.1" 200 17453 "-" "Mozilla/5.0 (Windows NT 10.0; Win64; x64) AppleWebKit/537.36 (KHTML, like Gecko) Chrome/85.0.4183.121 Safari/537.36"
::1 - - [23/Sep/2020:14:21:46 +0000] "GET /favicon.ico HTTP/1.1" 404 150 "http://localhost:8000/" "Mozilla/5.0 (Windows NT 10.0; Win64; x64) AppleWebKit/537.36 (KHTML, like Gecko) Chrome/85.0.4183.121 Safari/537.36"
::1 - - [23/Sep/2020:14:21:54 +0000] "GET /users/sign-in HTTP/1.1" 304 - "http://localhost:8000/" "Mozilla/5.0 (Windows NT 10.0; Win64; x64) AppleWebKit/537.36 (KHTML, like Gecko) Chrome/85.0.4183.121 Safari/537.36"
::1 - - [23/Sep/2020:14:22:01 +0000] "POST /users/create-session HTTP/1.1" 302 46 "http://localhost:8000/users/sign-in" "Mozilla/5.0 (Windows NT 10.0; Win64; x64) AppleWebKit/537.36 (KHTML, like Gecko) Chrome/85.0.4183.121 Safari/537.36"
::1 - - [23/Sep/2020:14:22:01 +0000] "GET / HTTP/1.1" 200 26774 "http://localhost:8000/users/sign-in" "Mozilla/5.0 (Windows NT 10.0; Win64; x64) AppleWebKit/537.36 (KHTML, like Gecko) Chrome/85.0.4183.121 Safari/537.36"
::1 - - [23/Sep/2020:14:22:16 +0000] "POST /search HTTP/1.1" 200 368 "http://localhost:8000/" "Mozilla/5.0 (Windows NT 10.0; Win64; x64) AppleWebKit/537.36 (KHTML, like Gecko) Chrome/85.0.4183.121 Safari/537.36"
::1 - - [23/Sep/2020:14:22:17 +0000] "GET /users/profile/5f4e8d88f0146c15e490daec HTTP/1.1" 304 - "http://localhost:8000/" "Mozilla/5.0 (Windows NT 10.0; Win64; x64) AppleWebKit/537.36 (KHTML, like Gecko) Chrome/85.0.4183.121 Safari/537.36"
::1 - - [23/Sep/2020:14:23:39 +0000] "POST /posts/create HTTP/1.1" 200 388 "http://localhost:8000/" "Mozilla/5.0 (Windows NT 10.0; Win64; x64) AppleWebKit/537.36 (KHTML, like Gecko) Chrome/85.0.4183.121 Safari/537.36"
::1 - - [23/Sep/2020:14:25:11 +0000] "GET /chat/5f0f3e2f8e7ce0412c038fd1 HTTP/1.1" 304 - "http://localhost:8000/" "Mozilla/5.0 (Windows NT 10.0; Win64; x64) AppleWebKit/537.36 (KHTML, like Gecko) Chrome/85.0.4183.121 Safari/537.36"
::1 - - [23/Sep/2020:14:27:23 +0000] "POST /search HTTP/1.1" 200 368 "http://localhost:8000/" "Mozilla/5.0 (Linux; Android 6.0; Nexus 5 Build/MRA58N) AppleWebKit/537.36 (KHTML, like Gecko) Chrome/85.0.4183.121 Mobile Safari/537.36"
::1 - - [23/Sep/2020:14:27:25 +0000] "GET /users/profile/5f4e8d88f0146c15e490daec HTTP/1.1" 304 - "http://localhost:8000/" "Mozilla/5.0 (Linux; Android 6.0; Nexus 5 Build/MRA58N) AppleWebKit/537.36 (KHTML, like Gecko) Chrome/85.0.4183.121 Mobile Safari/537.36"
::1 - - [23/Sep/2020:14:27:31 +0000] "GET /friends/sendreq/5f4e8d88f0146c15e490daec HTTP/1.1" 200 53 "http://localhost:8000/users/profile/5f4e8d88f0146c15e490daec" "Mozilla/5.0 (Linux; Android 6.0; Nexus 5 Build/MRA58N) AppleWebKit/537.36 (KHTML, like Gecko) Chrome/85.0.4183.121 Mobile Safari/537.36"
::1 - - [23/Sep/2020:14:27:36 +0000] "GET /friends/sendreq/5f4e8d88f0146c15e490daec HTTP/1.1" 200 53 "http://localhost:8000/users/profile/5f4e8d88f0146c15e490daec" "Mozilla/5.0 (Linux; Android 6.0; Nexus 5 Build/MRA58N) AppleWebKit/537.36 (KHTML, like Gecko) Chrome/85.0.4183.121 Mobile Safari/537.36"
::1 - - [23/Sep/2020:14:27:40 +0000] "GET / HTTP/1.1" 200 29836 "http://localhost:8000/users/profile/5f4e8d88f0146c15e490daec" "Mozilla/5.0 (Linux; Android 6.0; Nexus 5 Build/MRA58N) AppleWebKit/537.36 (KHTML, like Gecko) Chrome/85.0.4183.121 Mobile Safari/537.36"
::1 - - [23/Sep/2020:14:28:05 +0000] "POST /search HTTP/1.1" 200 368 "http://localhost:8000/" "Mozilla/5.0 (Windows NT 10.0; Win64; x64) AppleWebKit/537.36 (KHTML, like Gecko) Chrome/85.0.4183.121 Safari/537.36"
::1 - - [23/Sep/2020:14:29:06 +0000] "GET / HTTP/1.1" 304 - "http://localhost:8000/users/profile/5f4e8d88f0146c15e490daec" "Mozilla/5.0 (Windows NT 10.0; Win64; x64) AppleWebKit/537.36 (KHTML, like Gecko) Chrome/85.0.4183.121 Safari/537.36"
::1 - - [23/Sep/2020:14:29:11 +0000] "POST /search HTTP/1.1" 200 368 "http://localhost:8000/" "Mozilla/5.0 (Windows NT 10.0; Win64; x64) AppleWebKit/537.36 (KHTML, like Gecko) Chrome/85.0.4183.121 Safari/537.36"
::1 - - [23/Sep/2020:14:29:38 +0000] "GET / HTTP/1.1" 304 - "http://localhost:8000/users/profile/5f4e8d88f0146c15e490daec" "Mozilla/5.0 (Windows NT 10.0; Win64; x64) AppleWebKit/537.36 (KHTML, like Gecko) Chrome/85.0.4183.121 Safari/537.36"
::1 - - [23/Sep/2020:14:29:42 +0000] "POST /search HTTP/1.1" 200 368 "http://localhost:8000/" "Mozilla/5.0 (Windows NT 10.0; Win64; x64) AppleWebKit/537.36 (KHTML, like Gecko) Chrome/85.0.4183.121 Safari/537.36"
::1 - - [23/Sep/2020:14:30:11 +0000] "GET / HTTP/1.1" 304 - "http://localhost:8000/users/profile/5f4e8d88f0146c15e490daec" "Mozilla/5.0 (Windows NT 10.0; Win64; x64) AppleWebKit/537.36 (KHTML, like Gecko) Chrome/85.0.4183.121 Safari/537.36"
::1 - - [23/Sep/2020:14:30:20 +0000] "POST /search HTTP/1.1" 200 385 "http://localhost:8000/" "Mozilla/5.0 (Windows NT 10.0; Win64; x64) AppleWebKit/537.36 (KHTML, like Gecko) Chrome/85.0.4183.121 Safari/537.36"
::1 - - [23/Sep/2020:14:30:20 +0000] "GET /undefined HTTP/1.1" 404 148 "http://localhost:8000/" "Mozilla/5.0 (Windows NT 10.0; Win64; x64) AppleWebKit/537.36 (KHTML, like Gecko) Chrome/85.0.4183.121 Safari/537.36"
::1 - - [23/Sep/2020:14:30:34 +0000] "POST /search HTTP/1.1" 200 334 "http://localhost:8000/" "Mozilla/5.0 (Windows NT 10.0; Win64; x64) AppleWebKit/537.36 (KHTML, like Gecko) Chrome/85.0.4183.121 Safari/537.36"
::1 - - [23/Sep/2020:14:30:34 +0000] "GET /undefined HTTP/1.1" 404 148 "http://localhost:8000/" "Mozilla/5.0 (Windows NT 10.0; Win64; x64) AppleWebKit/537.36 (KHTML, like Gecko) Chrome/85.0.4183.121 Safari/537.36"
::1 - - [23/Sep/2020:14:30:39 +0000] "POST /search HTTP/1.1" 200 334 "http://localhost:8000/" "Mozilla/5.0 (Windows NT 10.0; Win64; x64) AppleWebKit/537.36 (KHTML, like Gecko) Chrome/85.0.4183.121 Safari/537.36"
::1 - - [23/Sep/2020:14:30:39 +0000] "GET /undefined HTTP/1.1" 404 148 "http://localhost:8000/" "Mozilla/5.0 (Windows NT 10.0; Win64; x64) AppleWebKit/537.36 (KHTML, like Gecko) Chrome/85.0.4183.121 Safari/537.36"
::1 - - [23/Sep/2020:14:30:41 +0000] "GET / HTTP/1.1" 304 - "http://localhost:8000/users/profile/5f4e8d88f0146c15e490daec" "Mozilla/5.0 (Windows NT 10.0; Win64; x64) AppleWebKit/537.36 (KHTML, like Gecko) Chrome/85.0.4183.121 Safari/537.36"
::1 - - [23/Sep/2020:14:31:07 +0000] "GET / HTTP/1.1" 304 - "http://localhost:8000/users/profile/5f4e8d88f0146c15e490daec" "Mozilla/5.0 (Windows NT 10.0; Win64; x64) AppleWebKit/537.36 (KHTML, like Gecko) Chrome/85.0.4183.121 Safari/537.36"
::1 - - [23/Sep/2020:14:31:09 +0000] "GET / HTTP/1.1" 304 - "http://localhost:8000/users/profile/5f4e8d88f0146c15e490daec" "Mozilla/5.0 (Windows NT 10.0; Win64; x64) AppleWebKit/537.36 (KHTML, like Gecko) Chrome/85.0.4183.121 Safari/537.36"
::1 - - [23/Sep/2020:14:33:16 +0000] "GET / HTTP/1.1" 200 29836 "http://localhost:8000/users/profile/5f4e8d88f0146c15e490daec" "Mozilla/5.0 (Windows NT 10.0; Win64; x64) AppleWebKit/537.36 (KHTML, like Gecko) Chrome/85.0.4183.121 Safari/537.36"
::1 - - [23/Sep/2020:14:33:26 +0000] "POST /search HTTP/1.1" 200 368 "http://localhost:8000/" "Mozilla/5.0 (Windows NT 10.0; Win64; x64) AppleWebKit/537.36 (KHTML, like Gecko) Chrome/85.0.4183.121 Safari/537.36"
::1 - - [23/Sep/2020:14:33:35 +0000] "GET /users/profile/5f4e8d88f0146c15e490daec HTTP/1.1" 200 4312 "http://localhost:8000/" "Mozilla/5.0 (Windows NT 10.0; Win64; x64) AppleWebKit/537.36 (KHTML, like Gecko) Chrome/85.0.4183.121 Safari/537.36"
::1 - - [23/Sep/2020:14:35:43 +0000] "GET / HTTP/1.1" 200 29368 "http://localhost:8000/users/profile/5f4e8d88f0146c15e490daec" "Mozilla/5.0 (Windows NT 10.0; Win64; x64) AppleWebKit/537.36 (KHTML, like Gecko) Chrome/85.0.4183.121 Safari/537.36"
::1 - - [23/Sep/2020:14:38:49 +0000] "GET / HTTP/1.1" 304 - "http://localhost:8000/users/profile/5f4e8d88f0146c15e490daec" "Mozilla/5.0 (Windows NT 10.0; Win64; x64) AppleWebKit/537.36 (KHTML, like Gecko) Chrome/85.0.4183.121 Safari/537.36"
::1 - - [23/Sep/2020:14:39:21 +0000] "GET / HTTP/1.1" 200 29368 "http://localhost:8000/users/profile/5f4e8d88f0146c15e490daec" "Mozilla/5.0 (Windows NT 10.0; Win64; x64) AppleWebKit/537.36 (KHTML, like Gecko) Chrome/85.0.4183.121 Safari/537.36"
::1 - - [23/Sep/2020:14:40:47 +0000] "GET / HTTP/1.1" 304 - "http://localhost:8000/users/profile/5f4e8d88f0146c15e490daec" "Mozilla/5.0 (Windows NT 10.0; Win64; x64) AppleWebKit/537.36 (KHTML, like Gecko) Chrome/85.0.4183.121 Safari/537.36"
::1 - - [23/Sep/2020:14:42:40 +0000] "GET / HTTP/1.1" 200 29368 "http://localhost:8000/users/profile/5f4e8d88f0146c15e490daec" "Mozilla/5.0 (Windows NT 10.0; Win64; x64) AppleWebKit/537.36 (KHTML, like Gecko) Chrome/85.0.4183.121 Safari/537.36"
