::1 - - [19/Sep/2020:18:32:57 +0000] "GET / HTTP/1.1" 304 - "http://localhost:8000/users/profile/5f0f3e2f8e7ce0412c038fd1" "Mozilla/5.0 (Windows NT 10.0; Win64; x64) AppleWebKit/537.36 (KHTML, like Gecko) Chrome/85.0.4183.102 Safari/537.36"
::1 - - [19/Sep/2020:18:35:12 +0000] "GET / HTTP/1.1" 200 9003 "http://localhost:8000/users/profile/5f0f3e2f8e7ce0412c038fd1" "Mozilla/5.0 (Windows NT 10.0; Win64; x64) AppleWebKit/537.36 (KHTML, like Gecko) Chrome/85.0.4183.102 Safari/537.36"
::1 - - [19/Sep/2020:18:35:15 +0000] "GET /users/profile/5f5089227e42a12804566c6f HTTP/1.1" 304 - "http://localhost:8000/" "Mozilla/5.0 (Windows NT 10.0; Win64; x64) AppleWebKit/537.36 (KHTML, like Gecko) Chrome/85.0.4183.102 Safari/537.36"
::1 - - [19/Sep/2020:18:39:12 +0000] "GET / HTTP/1.1" 304 - "http://localhost:8000/users/profile/5f0f3e2f8e7ce0412c038fd1" "Mozilla/5.0 (Windows NT 10.0; Win64; x64) AppleWebKit/537.36 (KHTML, like Gecko) Chrome/85.0.4183.102 Safari/537.36"
::1 - - [19/Sep/2020:18:39:17 +0000] "GET /users/profile/5f5089227e42a12804566c6f HTTP/1.1" 200 4237 "http://localhost:8000/" "Mozilla/5.0 (Windows NT 10.0; Win64; x64) AppleWebKit/537.36 (KHTML, like Gecko) Chrome/85.0.4183.102 Safari/537.36"
::1 - - [19/Sep/2020:18:39:40 +0000] "POST /search HTTP/1.1" 200 332 "http://localhost:8000/" "Mozilla/5.0 (Windows NT 10.0; Win64; x64) AppleWebKit/537.36 (KHTML, like Gecko) Chrome/85.0.4183.102 Safari/537.36"
::1 - - [19/Sep/2020:18:39:40 +0000] "GET /undefined HTTP/1.1" 404 148 "http://localhost:8000/" "Mozilla/5.0 (Windows NT 10.0; Win64; x64) AppleWebKit/537.36 (KHTML, like Gecko) Chrome/85.0.4183.102 Safari/537.36"
::1 - - [19/Sep/2020:18:39:41 +0000] "GET /users/profile/5ef36016e540fd1cb0edbd0d HTTP/1.1" 200 4209 "http://localhost:8000/" "Mozilla/5.0 (Windows NT 10.0; Win64; x64) AppleWebKit/537.36 (KHTML, like Gecko) Chrome/85.0.4183.102 Safari/537.36"
::1 - - [19/Sep/2020:18:39:46 +0000] "GET /users/profile/5ef36016e540fd1cb0edbd0d HTTP/1.1" 200 4209 "http://localhost:8000/" "Mozilla/5.0 (Windows NT 10.0; Win64; x64) AppleWebKit/537.36 (KHTML, like Gecko) Chrome/85.0.4183.102 Safari/537.36"
::1 - - [19/Sep/2020:18:40:25 +0000] "GET /users/profile/5ef36016e540fd1cb0edbd0d HTTP/1.1" 304 - "http://localhost:8000/" "Mozilla/5.0 (Windows NT 10.0; Win64; x64) AppleWebKit/537.36 (KHTML, like Gecko) Chrome/85.0.4183.102 Safari/537.36"
::1 - - [19/Sep/2020:18:40:49 +0000] "GET /users/profile/5ef36016e540fd1cb0edbd0d HTTP/1.1" 304 - "http://localhost:8000/" "Mozilla/5.0 (Windows NT 10.0; Win64; x64) AppleWebKit/537.36 (KHTML, like Gecko) Chrome/85.0.4183.102 Safari/537.36"
::1 - - [19/Sep/2020:18:40:51 +0000] "GET /users/profile/5ef36016e540fd1cb0edbd0d HTTP/1.1" 304 - "http://localhost:8000/" "Mozilla/5.0 (Windows NT 10.0; Win64; x64) AppleWebKit/537.36 (KHTML, like Gecko) Chrome/85.0.4183.102 Safari/537.36"
::1 - - [19/Sep/2020:18:41:38 +0000] "GET /users/profile/5ef36016e540fd1cb0edbd0d HTTP/1.1" 200 4222 "http://localhost:8000/" "Mozilla/5.0 (Windows NT 10.0; Win64; x64) AppleWebKit/537.36 (KHTML, like Gecko) Chrome/85.0.4183.102 Safari/537.36"
::1 - - [19/Sep/2020:18:41:39 +0000] "GET /users/profile/5ef36016e540fd1cb0edbd0d HTTP/1.1" 304 - "http://localhost:8000/" "Mozilla/5.0 (Windows NT 10.0; Win64; x64) AppleWebKit/537.36 (KHTML, like Gecko) Chrome/85.0.4183.102 Safari/537.36"
::1 - - [19/Sep/2020:18:41:39 +0000] "GET /users/profile/5ef36016e540fd1cb0edbd0d HTTP/1.1" 304 - "http://localhost:8000/" "Mozilla/5.0 (Windows NT 10.0; Win64; x64) AppleWebKit/537.36 (KHTML, like Gecko) Chrome/85.0.4183.102 Safari/537.36"
::1 - - [19/Sep/2020:18:41:40 +0000] "GET /users/profile/5ef36016e540fd1cb0edbd0d HTTP/1.1" 304 - "http://localhost:8000/" "Mozilla/5.0 (Windows NT 10.0; Win64; x64) AppleWebKit/537.36 (KHTML, like Gecko) Chrome/85.0.4183.102 Safari/537.36"
::1 - - [19/Sep/2020:18:42:09 +0000] "GET /users/profile/5ef36016e540fd1cb0edbd0d HTTP/1.1" 200 4158 "http://localhost:8000/" "Mozilla/5.0 (Windows NT 10.0; Win64; x64) AppleWebKit/537.36 (KHTML, like Gecko) Chrome/85.0.4183.102 Safari/537.36"
::1 - - [19/Sep/2020:18:43:04 +0000] "GET /friends/sendreq/5ef36016e540fd1cb0edbd0d HTTP/1.1" 200 53 "http://localhost:8000/users/profile/5ef36016e540fd1cb0edbd0d" "Mozilla/5.0 (Windows NT 10.0; Win64; x64) AppleWebKit/537.36 (KHTML, like Gecko) Chrome/85.0.4183.102 Safari/537.36"
::1 - - [19/Sep/2020:18:51:17 +0000] "GET /users/profile/5ef36016e540fd1cb0edbd0d HTTP/1.1" 200 4981 "http://localhost:8000/" "Mozilla/5.0 (Windows NT 10.0; Win64; x64) AppleWebKit/537.36 (KHTML, like Gecko) Chrome/85.0.4183.102 Safari/537.36"
::1 - - [19/Sep/2020:18:51:47 +0000] "GET /users/profile/5ef36016e540fd1cb0edbd0d HTTP/1.1" 304 - "http://localhost:8000/" "Mozilla/5.0 (Windows NT 10.0; Win64; x64) AppleWebKit/537.36 (KHTML, like Gecko) Chrome/85.0.4183.102 Safari/537.36"
::1 - - [19/Sep/2020:18:51:59 +0000] "GET /users/profile/5ef36016e540fd1cb0edbd0d HTTP/1.1" 304 - "http://localhost:8000/" "Mozilla/5.0 (Windows NT 10.0; Win64; x64) AppleWebKit/537.36 (KHTML, like Gecko) Chrome/85.0.4183.102 Safari/537.36"
::1 - - [19/Sep/2020:18:52:34 +0000] "GET /users/profile/5ef36016e540fd1cb0edbd0d HTTP/1.1" 304 - "http://localhost:8000/" "Mozilla/5.0 (Windows NT 10.0; Win64; x64) AppleWebKit/537.36 (KHTML, like Gecko) Chrome/85.0.4183.102 Safari/537.36"
::1 - - [19/Sep/2020:18:53:53 +0000] "GET /users/profile/5ef36016e540fd1cb0edbd0d HTTP/1.1" 304 - "http://localhost:8000/" "Mozilla/5.0 (Windows NT 10.0; Win64; x64) AppleWebKit/537.36 (KHTML, like Gecko) Chrome/85.0.4183.102 Safari/537.36"
::1 - - [19/Sep/2020:18:56:02 +0000] "GET /users/profile/5ef36016e540fd1cb0edbd0d HTTP/1.1" 200 4981 "http://localhost:8000/" "Mozilla/5.0 (Windows NT 10.0; Win64; x64) AppleWebKit/537.36 (KHTML, like Gecko) Chrome/85.0.4183.102 Safari/537.36"
::1 - - [19/Sep/2020:18:58:07 +0000] "GET /users/profile/5ef36016e540fd1cb0edbd0d HTTP/1.1" 304 - "http://localhost:8000/" "Mozilla/5.0 (Windows NT 10.0; Win64; x64) AppleWebKit/537.36 (KHTML, like Gecko) Chrome/85.0.4183.102 Safari/537.36"
::1 - - [19/Sep/2020:19:00:07 +0000] "GET /users/profile/5ef36016e540fd1cb0edbd0d HTTP/1.1" 200 4981 "http://localhost:8000/" "Mozilla/5.0 (Windows NT 10.0; Win64; x64) AppleWebKit/537.36 (KHTML, like Gecko) Chrome/85.0.4183.102 Safari/537.36"
::1 - - [19/Sep/2020:19:01:14 +0000] "GET /users/profile/5ef36016e540fd1cb0edbd0d HTTP/1.1" 200 4981 "http://localhost:8000/" "Mozilla/5.0 (Windows NT 10.0; Win64; x64) AppleWebKit/537.36 (KHTML, like Gecko) Chrome/85.0.4183.102 Safari/537.36"
::1 - - [19/Sep/2020:19:01:47 +0000] "POST /posts/create HTTP/1.1" 200 316 "http://localhost:8000/" "Mozilla/5.0 (Windows NT 10.0; Win64; x64) AppleWebKit/537.36 (KHTML, like Gecko) Chrome/85.0.4183.102 Safari/537.36"
::1 - - [19/Sep/2020:19:01:47 +0000] "GET /undefined HTTP/1.1" 404 148 "http://localhost:8000/" "Mozilla/5.0 (Windows NT 10.0; Win64; x64) AppleWebKit/537.36 (KHTML, like Gecko) Chrome/85.0.4183.102 Safari/537.36"
::1 - - [19/Sep/2020:19:02:02 +0000] "POST /posts/create HTTP/1.1" 200 259 "http://localhost:8000/" "Mozilla/5.0 (Windows NT 10.0; Win64; x64) AppleWebKit/537.36 (KHTML, like Gecko) Chrome/85.0.4183.102 Safari/537.36"
::1 - - [19/Sep/2020:19:02:02 +0000] "GET /undefined HTTP/1.1" 404 148 "http://localhost:8000/" "Mozilla/5.0 (Windows NT 10.0; Win64; x64) AppleWebKit/537.36 (KHTML, like Gecko) Chrome/85.0.4183.102 Safari/537.36"
::1 - - [19/Sep/2020:19:02:14 +0000] "POST /posts/create HTTP/1.1" 200 319 "http://localhost:8000/" "Mozilla/5.0 (Windows NT 10.0; Win64; x64) AppleWebKit/537.36 (KHTML, like Gecko) Chrome/85.0.4183.102 Safari/537.36"
::1 - - [19/Sep/2020:19:02:14 +0000] "GET /undefined HTTP/1.1" 404 148 "http://localhost:8000/" "Mozilla/5.0 (Windows NT 10.0; Win64; x64) AppleWebKit/537.36 (KHTML, like Gecko) Chrome/85.0.4183.102 Safari/537.36"
::1 - - [19/Sep/2020:19:02:32 +0000] "GET /users/profile/5f5089227e42a12804566c6f HTTP/1.1" 200 4347 "http://localhost:8000/" "Mozilla/5.0 (Windows NT 10.0; Win64; x64) AppleWebKit/537.36 (KHTML, like Gecko) Chrome/85.0.4183.102 Safari/537.36"
::1 - - [19/Sep/2020:19:02:42 +0000] "GET /friends/sendreq/5f5089227e42a12804566c6f HTTP/1.1" 200 53 "http://localhost:8000/users/profile/5f5089227e42a12804566c6f" "Mozilla/5.0 (Windows NT 10.0; Win64; x64) AppleWebKit/537.36 (KHTML, like Gecko) Chrome/85.0.4183.102 Safari/537.36"
::1 - - [19/Sep/2020:19:02:49 +0000] "GET /friends/sendreq/5f5089227e42a12804566c6f HTTP/1.1" 200 53 "http://localhost:8000/users/profile/5f5089227e42a12804566c6f" "Mozilla/5.0 (Windows NT 10.0; Win64; x64) AppleWebKit/537.36 (KHTML, like Gecko) Chrome/85.0.4183.102 Safari/537.36"
::1 - - [19/Sep/2020:19:13:05 +0000] "GET / HTTP/1.1" 500 2573 "http://localhost:8000/users/profile/5f0f3e2f8e7ce0412c038fd1" "Mozilla/5.0 (Windows NT 10.0; Win64; x64) AppleWebKit/537.36 (KHTML, like Gecko) Chrome/85.0.4183.102 Safari/537.36"
::1 - - [19/Sep/2020:19:14:43 +0000] "GET / HTTP/1.1" 500 2573 "http://localhost:8000/users/profile/5f0f3e2f8e7ce0412c038fd1" "Mozilla/5.0 (Windows NT 10.0; Win64; x64) AppleWebKit/537.36 (KHTML, like Gecko) Chrome/85.0.4183.102 Safari/537.36"
::1 - - [19/Sep/2020:19:20:23 +0000] "GET / HTTP/1.1" 500 2573 "http://localhost:8000/users/profile/5f0f3e2f8e7ce0412c038fd1" "Mozilla/5.0 (Windows NT 10.0; Win64; x64) AppleWebKit/537.36 (KHTML, like Gecko) Chrome/85.0.4183.102 Safari/537.36"
::1 - - [19/Sep/2020:19:26:41 +0000] "GET / HTTP/1.1" 500 2573 "http://localhost:8000/users/profile/5f0f3e2f8e7ce0412c038fd1" "Mozilla/5.0 (Windows NT 10.0; Win64; x64) AppleWebKit/537.36 (KHTML, like Gecko) Chrome/85.0.4183.102 Safari/537.36"
::1 - - [19/Sep/2020:19:26:48 +0000] "GET /users/profile/5f0f3e2f8e7ce0412c038fd1 HTTP/1.1" 200 4330 "http://localhost:8000/" "Mozilla/5.0 (Windows NT 10.0; Win64; x64) AppleWebKit/537.36 (KHTML, like Gecko) Chrome/85.0.4183.102 Safari/537.36"
::1 - - [19/Sep/2020:19:26:52 +0000] "GET /users/profile/5f0f3e2f8e7ce0412c038fd1 HTTP/1.1" 304 - "http://localhost:8000/" "Mozilla/5.0 (Windows NT 10.0; Win64; x64) AppleWebKit/537.36 (KHTML, like Gecko) Chrome/85.0.4183.102 Safari/537.36"
::1 - - [19/Sep/2020:19:26:59 +0000] "GET / HTTP/1.1" 500 2573 "http://localhost:8000/users/profile/5f0f3e2f8e7ce0412c038fd1" "Mozilla/5.0 (Windows NT 10.0; Win64; x64) AppleWebKit/537.36 (KHTML, like Gecko) Chrome/85.0.4183.102 Safari/537.36"
::1 - - [19/Sep/2020:19:28:31 +0000] "GET / HTTP/1.1" 500 2573 "http://localhost:8000/users/profile/5f0f3e2f8e7ce0412c038fd1" "Mozilla/5.0 (Windows NT 10.0; Win64; x64) AppleWebKit/537.36 (KHTML, like Gecko) Chrome/85.0.4183.102 Safari/537.36"
::1 - - [19/Sep/2020:19:31:14 +0000] "GET / HTTP/1.1" 500 2573 "http://localhost:8000/users/profile/5f0f3e2f8e7ce0412c038fd1" "Mozilla/5.0 (Windows NT 10.0; Win64; x64) AppleWebKit/537.36 (KHTML, like Gecko) Chrome/85.0.4183.102 Safari/537.36"
::1 - - [19/Sep/2020:19:31:17 +0000] "GET / HTTP/1.1" 500 2573 "http://localhost:8000/users/profile/5f0f3e2f8e7ce0412c038fd1" "Mozilla/5.0 (Windows NT 10.0; Win64; x64) AppleWebKit/537.36 (KHTML, like Gecko) Chrome/85.0.4183.102 Safari/537.36"
::1 - - [19/Sep/2020:19:31:17 +0000] "GET / HTTP/1.1" 500 2573 "http://localhost:8000/users/profile/5f0f3e2f8e7ce0412c038fd1" "Mozilla/5.0 (Windows NT 10.0; Win64; x64) AppleWebKit/537.36 (KHTML, like Gecko) Chrome/85.0.4183.102 Safari/537.36"
::1 - - [19/Sep/2020:19:31:18 +0000] "GET / HTTP/1.1" 500 2573 "http://localhost:8000/users/profile/5f0f3e2f8e7ce0412c038fd1" "Mozilla/5.0 (Windows NT 10.0; Win64; x64) AppleWebKit/537.36 (KHTML, like Gecko) Chrome/85.0.4183.102 Safari/537.36"
::1 - - [19/Sep/2020:19:31:18 +0000] "GET / HTTP/1.1" 500 2573 "http://localhost:8000/users/profile/5f0f3e2f8e7ce0412c038fd1" "Mozilla/5.0 (Windows NT 10.0; Win64; x64) AppleWebKit/537.36 (KHTML, like Gecko) Chrome/85.0.4183.102 Safari/537.36"
::1 - - [19/Sep/2020:19:31:18 +0000] "GET / HTTP/1.1" 500 2573 "http://localhost:8000/users/profile/5f0f3e2f8e7ce0412c038fd1" "Mozilla/5.0 (Windows NT 10.0; Win64; x64) AppleWebKit/537.36 (KHTML, like Gecko) Chrome/85.0.4183.102 Safari/537.36"
::1 - - [19/Sep/2020:19:31:18 +0000] "GET / HTTP/1.1" 500 2573 "http://localhost:8000/users/profile/5f0f3e2f8e7ce0412c038fd1" "Mozilla/5.0 (Windows NT 10.0; Win64; x64) AppleWebKit/537.36 (KHTML, like Gecko) Chrome/85.0.4183.102 Safari/537.36"
::1 - - [19/Sep/2020:19:31:18 +0000] "GET / HTTP/1.1" 500 2573 "http://localhost:8000/users/profile/5f0f3e2f8e7ce0412c038fd1" "Mozilla/5.0 (Windows NT 10.0; Win64; x64) AppleWebKit/537.36 (KHTML, like Gecko) Chrome/85.0.4183.102 Safari/537.36"
::1 - - [19/Sep/2020:19:31:18 +0000] "GET / HTTP/1.1" 500 2573 "http://localhost:8000/users/profile/5f0f3e2f8e7ce0412c038fd1" "Mozilla/5.0 (Windows NT 10.0; Win64; x64) AppleWebKit/537.36 (KHTML, like Gecko) Chrome/85.0.4183.102 Safari/537.36"
::1 - - [19/Sep/2020:19:31:19 +0000] "GET / HTTP/1.1" 500 2573 "http://localhost:8000/users/profile/5f0f3e2f8e7ce0412c038fd1" "Mozilla/5.0 (Windows NT 10.0; Win64; x64) AppleWebKit/537.36 (KHTML, like Gecko) Chrome/85.0.4183.102 Safari/537.36"
::1 - - [19/Sep/2020:19:31:19 +0000] "GET / HTTP/1.1" 500 2573 "http://localhost:8000/users/profile/5f0f3e2f8e7ce0412c038fd1" "Mozilla/5.0 (Windows NT 10.0; Win64; x64) AppleWebKit/537.36 (KHTML, like Gecko) Chrome/85.0.4183.102 Safari/537.36"
::1 - - [19/Sep/2020:19:31:19 +0000] "GET / HTTP/1.1" 500 2573 "http://localhost:8000/users/profile/5f0f3e2f8e7ce0412c038fd1" "Mozilla/5.0 (Windows NT 10.0; Win64; x64) AppleWebKit/537.36 (KHTML, like Gecko) Chrome/85.0.4183.102 Safari/537.36"
::1 - - [19/Sep/2020:19:31:19 +0000] "GET / HTTP/1.1" 500 2573 "http://localhost:8000/users/profile/5f0f3e2f8e7ce0412c038fd1" "Mozilla/5.0 (Windows NT 10.0; Win64; x64) AppleWebKit/537.36 (KHTML, like Gecko) Chrome/85.0.4183.102 Safari/537.36"
::1 - - [19/Sep/2020:19:31:19 +0000] "GET / HTTP/1.1" 500 2573 "http://localhost:8000/users/profile/5f0f3e2f8e7ce0412c038fd1" "Mozilla/5.0 (Windows NT 10.0; Win64; x64) AppleWebKit/537.36 (KHTML, like Gecko) Chrome/85.0.4183.102 Safari/537.36"
::1 - - [19/Sep/2020:19:31:19 +0000] "GET / HTTP/1.1" 500 2573 "http://localhost:8000/users/profile/5f0f3e2f8e7ce0412c038fd1" "Mozilla/5.0 (Windows NT 10.0; Win64; x64) AppleWebKit/537.36 (KHTML, like Gecko) Chrome/85.0.4183.102 Safari/537.36"
::1 - - [19/Sep/2020:19:32:28 +0000] "GET / HTTP/1.1" 500 2573 "http://localhost:8000/users/profile/5f0f3e2f8e7ce0412c038fd1" "Mozilla/5.0 (Windows NT 10.0; Win64; x64) AppleWebKit/537.36 (KHTML, like Gecko) Chrome/85.0.4183.102 Safari/537.36"
::1 - - [19/Sep/2020:19:32:31 +0000] "GET / HTTP/1.1" 500 2573 "http://localhost:8000/users/profile/5f0f3e2f8e7ce0412c038fd1" "Mozilla/5.0 (Windows NT 10.0; Win64; x64) AppleWebKit/537.36 (KHTML, like Gecko) Chrome/85.0.4183.102 Safari/537.36"
::1 - - [19/Sep/2020:19:32:31 +0000] "GET / HTTP/1.1" 500 2573 "http://localhost:8000/users/profile/5f0f3e2f8e7ce0412c038fd1" "Mozilla/5.0 (Windows NT 10.0; Win64; x64) AppleWebKit/537.36 (KHTML, like Gecko) Chrome/85.0.4183.102 Safari/537.36"
::1 - - [19/Sep/2020:19:32:31 +0000] "GET / HTTP/1.1" 500 2573 "http://localhost:8000/users/profile/5f0f3e2f8e7ce0412c038fd1" "Mozilla/5.0 (Windows NT 10.0; Win64; x64) AppleWebKit/537.36 (KHTML, like Gecko) Chrome/85.0.4183.102 Safari/537.36"
::1 - - [19/Sep/2020:19:33:32 +0000] "GET / HTTP/1.1" 200 18455 "http://localhost:8000/users/profile/5f0f3e2f8e7ce0412c038fd1" "Mozilla/5.0 (Windows NT 10.0; Win64; x64) AppleWebKit/537.36 (KHTML, like Gecko) Chrome/85.0.4183.102 Safari/537.36"
::1 - - [19/Sep/2020:19:37:20 +0000] "GET / HTTP/1.1" 200 18738 "http://localhost:8000/users/profile/5f0f3e2f8e7ce0412c038fd1" "Mozilla/5.0 (Windows NT 10.0; Win64; x64) AppleWebKit/537.36 (KHTML, like Gecko) Chrome/85.0.4183.102 Safari/537.36"
::1 - - [19/Sep/2020:19:41:11 +0000] "GET / HTTP/1.1" 200 18837 "http://localhost:8000/users/profile/5f0f3e2f8e7ce0412c038fd1" "Mozilla/5.0 (Windows NT 10.0; Win64; x64) AppleWebKit/537.36 (KHTML, like Gecko) Chrome/85.0.4183.102 Safari/537.36"
::1 - - [19/Sep/2020:20:18:45 +0000] "GET / HTTP/1.1" 200 12518 "http://localhost:8000/users/profile/5f0f3e2f8e7ce0412c038fd1" "Mozilla/5.0 (Windows NT 10.0; Win64; x64) AppleWebKit/537.36 (KHTML, like Gecko) Chrome/85.0.4183.102 Safari/537.36"
::1 - - [19/Sep/2020:20:18:55 +0000] "GET /users/sign-in HTTP/1.1" 200 3617 "http://localhost:8000/" "Mozilla/5.0 (Windows NT 10.0; Win64; x64) AppleWebKit/537.36 (KHTML, like Gecko) Chrome/85.0.4183.102 Safari/537.36"
::1 - - [19/Sep/2020:20:19:04 +0000] "POST /users/create-session HTTP/1.1" 302 46 "http://localhost:8000/users/sign-in" "Mozilla/5.0 (Windows NT 10.0; Win64; x64) AppleWebKit/537.36 (KHTML, like Gecko) Chrome/85.0.4183.102 Safari/537.36"
::1 - - [19/Sep/2020:20:19:04 +0000] "GET / HTTP/1.1" 200 18190 "http://localhost:8000/users/sign-in" "Mozilla/5.0 (Windows NT 10.0; Win64; x64) AppleWebKit/537.36 (KHTML, like Gecko) Chrome/85.0.4183.102 Safari/537.36"
::1 - - [19/Sep/2020:20:20:40 +0000] "GET / HTTP/1.1" 200 17962 "http://localhost:8000/users/sign-in" "Mozilla/5.0 (Windows NT 10.0; Win64; x64) AppleWebKit/537.36 (KHTML, like Gecko) Chrome/85.0.4183.102 Safari/537.36"
::1 - - [19/Sep/2020:20:21:02 +0000] "POST /posts/create HTTP/1.1" 200 270 "http://localhost:8000/" "Mozilla/5.0 (Windows NT 10.0; Win64; x64) AppleWebKit/537.36 (KHTML, like Gecko) Chrome/85.0.4183.102 Safari/537.36"
::1 - - [19/Sep/2020:20:21:02 +0000] "GET /undefined HTTP/1.1" 404 148 "http://localhost:8000/" "Mozilla/5.0 (Windows NT 10.0; Win64; x64) AppleWebKit/537.36 (KHTML, like Gecko) Chrome/85.0.4183.102 Safari/537.36"
::1 - - [19/Sep/2020:20:22:43 +0000] "GET / HTTP/1.1" 200 21218 "http://localhost:8000/users/sign-in" "Mozilla/5.0 (Windows NT 10.0; Win64; x64) AppleWebKit/537.36 (KHTML, like Gecko) Chrome/85.0.4183.102 Safari/537.36"
::1 - - [19/Sep/2020:20:25:15 +0000] "GET / HTTP/1.1" 200 21272 "http://localhost:8000/users/sign-in" "Mozilla/5.0 (Windows NT 10.0; Win64; x64) AppleWebKit/537.36 (KHTML, like Gecko) Chrome/85.0.4183.102 Safari/537.36"
::1 - - [19/Sep/2020:20:25:38 +0000] "GET / HTTP/1.1" 304 - "http://localhost:8000/users/sign-in" "Mozilla/5.0 (Windows NT 10.0; Win64; x64) AppleWebKit/537.36 (KHTML, like Gecko) Chrome/85.0.4183.102 Safari/537.36"
::1 - - [19/Sep/2020:20:25:54 +0000] "POST /posts/create HTTP/1.1" 200 270 "http://localhost:8000/" "Mozilla/5.0 (Windows NT 10.0; Win64; x64) AppleWebKit/537.36 (KHTML, like Gecko) Chrome/85.0.4183.102 Safari/537.36"
::1 - - [19/Sep/2020:20:25:54 +0000] "GET /undefined HTTP/1.1" 404 148 "http://localhost:8000/" "Mozilla/5.0 (Windows NT 10.0; Win64; x64) AppleWebKit/537.36 (KHTML, like Gecko) Chrome/85.0.4183.102 Safari/537.36"
::1 - - [19/Sep/2020:20:25:57 +0000] "GET / HTTP/1.1" 200 24537 "http://localhost:8000/users/sign-in" "Mozilla/5.0 (Windows NT 10.0; Win64; x64) AppleWebKit/537.36 (KHTML, like Gecko) Chrome/85.0.4183.102 Safari/537.36"
::1 - - [19/Sep/2020:20:28:41 +0000] "GET /users/profile/5f0f3e2f8e7ce0412c038fd1 HTTP/1.1" 200 4406 "http://localhost:8000/" "Mozilla/5.0 (Windows NT 10.0; Win64; x64) AppleWebKit/537.36 (KHTML, like Gecko) Chrome/85.0.4183.102 Safari/537.36"
::1 - - [19/Sep/2020:20:30:14 +0000] "GET /users/profile/5f0f3e2f8e7ce0412c038fd1 HTTP/1.1" 200 4347 "http://localhost:8000/" "Mozilla/5.0 (Windows NT 10.0; Win64; x64) AppleWebKit/537.36 (KHTML, like Gecko) Chrome/85.0.4183.102 Safari/537.36"
::1 - - [19/Sep/2020:20:30:28 +0000] "GET /users/profile/5f0f3e2f8e7ce0412c038fd1 HTTP/1.1" 304 - "http://localhost:8000/" "Mozilla/5.0 (Windows NT 10.0; Win64; x64) AppleWebKit/537.36 (KHTML, like Gecko) Chrome/85.0.4183.102 Safari/537.36"
::1 - - [19/Sep/2020:20:34:00 +0000] "GET / HTTP/1.1" 200 24744 "http://localhost:8000/users/sign-in" "Mozilla/5.0 (Windows NT 10.0; Win64; x64) AppleWebKit/537.36 (KHTML, like Gecko) Chrome/85.0.4183.102 Safari/537.36"
::1 - - [19/Sep/2020:20:34:08 +0000] "GET /users/profile/5f0f3e2f8e7ce0412c038fd1 HTTP/1.1" 304 - "http://localhost:8000/" "Mozilla/5.0 (Windows NT 10.0; Win64; x64) AppleWebKit/537.36 (KHTML, like Gecko) Chrome/85.0.4183.102 Safari/537.36"
::1 - - [19/Sep/2020:20:34:13 +0000] "GET /users/profile/5f0f3e2f8e7ce0412c038fd1 HTTP/1.1" 304 - "http://localhost:8000/" "Mozilla/5.0 (Windows NT 10.0; Win64; x64) AppleWebKit/537.36 (KHTML, like Gecko) Chrome/85.0.4183.102 Safari/537.36"
::1 - - [19/Sep/2020:20:36:17 +0000] "GET / HTTP/1.1" 304 - "http://localhost:8000/users/sign-in" "Mozilla/5.0 (Windows NT 10.0; Win64; x64) AppleWebKit/537.36 (KHTML, like Gecko) Chrome/85.0.4183.102 Safari/537.36"
::1 - - [19/Sep/2020:20:36:24 +0000] "GET / HTTP/1.1" 304 - "http://localhost:8000/users/sign-in" "Mozilla/5.0 (Windows NT 10.0; Win64; x64) AppleWebKit/537.36 (KHTML, like Gecko) Chrome/85.0.4183.102 Safari/537.36"
::1 - - [19/Sep/2020:20:37:30 +0000] "GET / HTTP/1.1" 304 - "http://localhost:8000/users/sign-in" "Mozilla/5.0 (Windows NT 10.0; Win64; x64) AppleWebKit/537.36 (KHTML, like Gecko) Chrome/85.0.4183.102 Safari/537.36"
::1 - - [19/Sep/2020:20:42:50 +0000] "GET / HTTP/1.1" 200 24744 "http://localhost:8000/users/sign-in" "Mozilla/5.0 (Windows NT 10.0; Win64; x64) AppleWebKit/537.36 (KHTML, like Gecko) Chrome/85.0.4183.102 Safari/537.36"
::1 - - [19/Sep/2020:20:45:11 +0000] "GET / HTTP/1.1" 304 - "http://localhost:8000/users/sign-in" "Mozilla/5.0 (Windows NT 10.0; Win64; x64) AppleWebKit/537.36 (KHTML, like Gecko) Chrome/85.0.4183.102 Safari/537.36"
::1 - - [19/Sep/2020:20:47:55 +0000] "GET / HTTP/1.1" 200 24744 "http://localhost:8000/users/sign-in" "Mozilla/5.0 (Windows NT 10.0; Win64; x64) AppleWebKit/537.36 (KHTML, like Gecko) Chrome/85.0.4183.102 Safari/537.36"
::1 - - [19/Sep/2020:20:50:04 +0000] "POST /search HTTP/1.1" 200 358 "http://localhost:8000/" "Mozilla/5.0 (Windows NT 10.0; Win64; x64) AppleWebKit/537.36 (KHTML, like Gecko) Chrome/85.0.4183.102 Safari/537.36"
::1 - - [19/Sep/2020:20:50:04 +0000] "GET /undefined HTTP/1.1" 404 148 "http://localhost:8000/" "Mozilla/5.0 (Windows NT 10.0; Win64; x64) AppleWebKit/537.36 (KHTML, like Gecko) Chrome/85.0.4183.102 Safari/537.36"
::1 - - [19/Sep/2020:20:50:06 +0000] "GET /users/profile/5ef36016e540fd1cb0edbd0d HTTP/1.1" 200 5020 "http://localhost:8000/" "Mozilla/5.0 (Windows NT 10.0; Win64; x64) AppleWebKit/537.36 (KHTML, like Gecko) Chrome/85.0.4183.102 Safari/537.36"
::1 - - [19/Sep/2020:20:50:10 +0000] "GET /friends/sendreq/5ef36016e540fd1cb0edbd0d HTTP/1.1" 200 53 "http://localhost:8000/users/profile/5ef36016e540fd1cb0edbd0d" "Mozilla/5.0 (Windows NT 10.0; Win64; x64) AppleWebKit/537.36 (KHTML, like Gecko) Chrome/85.0.4183.102 Safari/537.36"
::1 - - [19/Sep/2020:20:50:32 +0000] "GET /friends/accept/5f0f3e2f8e7ce0412c038fd1 HTTP/1.1" 302 164 "http://localhost:8000/users/profile/5ef36016e540fd1cb0edbd0d" "Mozilla/5.0 (Windows NT 10.0; Win64; x64) AppleWebKit/537.36 (KHTML, like Gecko) Chrome/85.0.4183.102 Safari/537.36"
::1 - - [19/Sep/2020:20:50:32 +0000] "GET /users/profile/5ef36016e540fd1cb0edbd0d HTTP/1.1" 200 6001 "http://localhost:8000/users/profile/5ef36016e540fd1cb0edbd0d" "Mozilla/5.0 (Windows NT 10.0; Win64; x64) AppleWebKit/537.36 (KHTML, like Gecko) Chrome/85.0.4183.102 Safari/537.36"
::1 - - [19/Sep/2020:20:50:42 +0000] "GET / HTTP/1.1" 200 25394 "http://localhost:8000/users/profile/5ef36016e540fd1cb0edbd0d" "Mozilla/5.0 (Windows NT 10.0; Win64; x64) AppleWebKit/537.36 (KHTML, like Gecko) Chrome/85.0.4183.102 Safari/537.36"
::1 - - [19/Sep/2020:20:50:48 +0000] "POST /search HTTP/1.1" 200 342 "http://localhost:8000/" "Mozilla/5.0 (Windows NT 10.0; Win64; x64) AppleWebKit/537.36 (KHTML, like Gecko) Chrome/85.0.4183.102 Safari/537.36"
::1 - - [19/Sep/2020:20:50:50 +0000] "GET /users/profile/5f4e8d88f0146c15e490daec HTTP/1.1" 200 4481 "http://localhost:8000/" "Mozilla/5.0 (Windows NT 10.0; Win64; x64) AppleWebKit/537.36 (KHTML, like Gecko) Chrome/85.0.4183.102 Safari/537.36"
::1 - - [19/Sep/2020:20:50:57 +0000] "GET /friends/sendreq/5f4e8d88f0146c15e490daec HTTP/1.1" 200 53 "http://localhost:8000/users/profile/5f4e8d88f0146c15e490daec" "Mozilla/5.0 (Windows NT 10.0; Win64; x64) AppleWebKit/537.36 (KHTML, like Gecko) Chrome/85.0.4183.102 Safari/537.36"
::1 - - [19/Sep/2020:20:51:23 +0000] "GET /users/profile/5f0f3e2f8e7ce0412c038fd1 HTTP/1.1" 200 4347 "http://localhost:8000/" "Mozilla/5.0 (Windows NT 10.0; Win64; x64) AppleWebKit/537.36 (KHTML, like Gecko) Chrome/85.0.4183.102 Safari/537.36"
::1 - - [19/Sep/2020:20:51:34 +0000] "GET /users/profile/5f0f3e2f8e7ce0412c038fd1 HTTP/1.1" 304 - "http://localhost:8000/" "Mozilla/5.0 (Windows NT 10.0; Win64; x64) AppleWebKit/537.36 (KHTML, like Gecko) Chrome/85.0.4183.102 Safari/537.36"
::1 - - [19/Sep/2020:20:51:38 +0000] "GET /users/profile/5f0f3e2f8e7ce0412c038fd1 HTTP/1.1" 304 - "http://localhost:8000/" "Mozilla/5.0 (Windows NT 10.0; Win64; x64) AppleWebKit/537.36 (KHTML, like Gecko) Chrome/85.0.4183.102 Safari/537.36"
::1 - - [19/Sep/2020:20:51:42 +0000] "GET /users/profile/5f0f3e2f8e7ce0412c038fd1 HTTP/1.1" 304 - "http://localhost:8000/" "Mozilla/5.0 (Windows NT 10.0; Win64; x64) AppleWebKit/537.36 (KHTML, like Gecko) Chrome/85.0.4183.102 Safari/537.36"
::1 - - [19/Sep/2020:20:51:45 +0000] "GET /friends/sendreq/5f0f3e2f8e7ce0412c038fd1 HTTP/1.1" 200 53 "http://localhost:8000/users/profile/5f0f3e2f8e7ce0412c038fd1" "Mozilla/5.0 (Windows NT 10.0; Win64; x64) AppleWebKit/537.36 (KHTML, like Gecko) Chrome/85.0.4183.102 Safari/537.36"
::1 - - [19/Sep/2020:20:51:52 +0000] "GET /users/profile/5f0f3e2f8e7ce0412c038fd1 HTTP/1.1" 304 - "http://localhost:8000/" "Mozilla/5.0 (Windows NT 10.0; Win64; x64) AppleWebKit/537.36 (KHTML, like Gecko) Chrome/85.0.4183.102 Safari/537.36"
::1 - - [19/Sep/2020:20:51:58 +0000] "GET /friends/sendreq/5f0f3e2f8e7ce0412c038fd1 HTTP/1.1" 304 - "http://localhost:8000/users/profile/5f0f3e2f8e7ce0412c038fd1" "Mozilla/5.0 (Windows NT 10.0; Win64; x64) AppleWebKit/537.36 (KHTML, like Gecko) Chrome/85.0.4183.102 Safari/537.36"
::1 - - [19/Sep/2020:20:52:10 +0000] "GET /users/sign-out HTTP/1.1" 302 46 "http://localhost:8000/" "Mozilla/5.0 (Windows NT 10.0; Win64; x64) AppleWebKit/537.36 (KHTML, like Gecko) Chrome/85.0.4183.102 Safari/537.36"
::1 - - [19/Sep/2020:20:52:10 +0000] "GET / HTTP/1.1" 200 17237 "http://localhost:8000/" "Mozilla/5.0 (Windows NT 10.0; Win64; x64) AppleWebKit/537.36 (KHTML, like Gecko) Chrome/85.0.4183.102 Safari/537.36"
::1 - - [19/Sep/2020:20:52:29 +0000] "GET /users/sign-in HTTP/1.1" 200 3617 "http://localhost:8000/" "Mozilla/5.0 (Windows NT 10.0; Win64; x64) AppleWebKit/537.36 (KHTML, like Gecko) Chrome/85.0.4183.102 Safari/537.36"
::1 - - [19/Sep/2020:20:52:52 +0000] "GET /users/sign-in HTTP/1.1" 304 - "http://localhost:8000/" "Mozilla/5.0 (Windows NT 10.0; Win64; x64) AppleWebKit/537.36 (KHTML, like Gecko) Chrome/85.0.4183.102 Safari/537.36"
::1 - - [19/Sep/2020:20:52:55 +0000] "GET /users/auth/google HTTP/1.1" 302 0 "http://localhost:8000/users/sign-in" "Mozilla/5.0 (Windows NT 10.0; Win64; x64) AppleWebKit/537.36 (KHTML, like Gecko) Chrome/85.0.4183.102 Safari/537.36"
::1 - - [19/Sep/2020:20:53:32 +0000] "POST /users/create-session HTTP/1.1" 302 46 "http://localhost:8000/users/sign-in" "Mozilla/5.0 (Windows NT 10.0; Win64; x64) AppleWebKit/537.36 (KHTML, like Gecko) Chrome/85.0.4183.102 Safari/537.36"
::1 - - [19/Sep/2020:20:53:32 +0000] "GET / HTTP/1.1" 200 25670 "http://localhost:8000/users/sign-in" "Mozilla/5.0 (Windows NT 10.0; Win64; x64) AppleWebKit/537.36 (KHTML, like Gecko) Chrome/85.0.4183.102 Safari/537.36"
::1 - - [19/Sep/2020:20:56:10 +0000] "GET /users/profile/5f5089227e42a12804566c6f HTTP/1.1" 200 4545 "http://localhost:8000/" "Mozilla/5.0 (Windows NT 10.0; Win64; x64) AppleWebKit/537.36 (KHTML, like Gecko) Chrome/85.0.4183.102 Safari/537.36"
::1 - - [19/Sep/2020:20:56:32 +0000] "GET /users/profile/5f0f3e2f8e7ce0412c038fd1 HTTP/1.1" 304 - "http://localhost:8000/" "Mozilla/5.0 (Windows NT 10.0; Win64; x64) AppleWebKit/537.36 (KHTML, like Gecko) Chrome/85.0.4183.102 Safari/537.36"
::1 - - [19/Sep/2020:21:00:46 +0000] "GET /users/profile/5f0f3e2f8e7ce0412c038fd1 HTTP/1.1" 200 4381 "http://localhost:8000/" "Mozilla/5.0 (Windows NT 10.0; Win64; x64) AppleWebKit/537.36 (KHTML, like Gecko) Chrome/85.0.4183.102 Safari/537.36"
::1 - - [19/Sep/2020:21:03:29 +0000] "GET /users/profile/5f0f3e2f8e7ce0412c038fd1 HTTP/1.1" 200 4388 "http://localhost:8000/" "Mozilla/5.0 (Windows NT 10.0; Win64; x64) AppleWebKit/537.36 (KHTML, like Gecko) Chrome/85.0.4183.102 Safari/537.36"
::1 - - [19/Sep/2020:21:03:29 +0000] "GET /undefined HTTP/1.1" 404 148 "http://localhost:8000/users/profile/5f0f3e2f8e7ce0412c038fd1" "Mozilla/5.0 (Windows NT 10.0; Win64; x64) AppleWebKit/537.36 (KHTML, like Gecko) Chrome/85.0.4183.102 Safari/537.36"
::1 - - [19/Sep/2020:21:03:30 +0000] "GET /undefined HTTP/1.1" 404 148 "http://localhost:8000/users/profile/5f0f3e2f8e7ce0412c038fd1" "Mozilla/5.0 (Windows NT 10.0; Win64; x64) AppleWebKit/537.36 (KHTML, like Gecko) Chrome/85.0.4183.102 Safari/537.36"
::1 - - [19/Sep/2020:21:07:00 +0000] "GET /users/profile/5f0f3e2f8e7ce0412c038fd1 HTTP/1.1" 200 4169 "http://localhost:8000/" "Mozilla/5.0 (Windows NT 10.0; Win64; x64) AppleWebKit/537.36 (KHTML, like Gecko) Chrome/85.0.4183.102 Safari/537.36"
::1 - - [19/Sep/2020:21:07:06 +0000] "GET / HTTP/1.1" 200 25394 "http://localhost:8000/users/profile/5f0f3e2f8e7ce0412c038fd1" "Mozilla/5.0 (Windows NT 10.0; Win64; x64) AppleWebKit/537.36 (KHTML, like Gecko) Chrome/85.0.4183.102 Safari/537.36"
::1 - - [19/Sep/2020:21:07:12 +0000] "POST /search HTTP/1.1" 200 368 "http://localhost:8000/" "Mozilla/5.0 (Windows NT 10.0; Win64; x64) AppleWebKit/537.36 (KHTML, like Gecko) Chrome/85.0.4183.102 Safari/537.36"
::1 - - [19/Sep/2020:21:07:14 +0000] "GET /users/profile/5f4e8d88f0146c15e490daec HTTP/1.1" 200 4312 "http://localhost:8000/" "Mozilla/5.0 (Windows NT 10.0; Win64; x64) AppleWebKit/537.36 (KHTML, like Gecko) Chrome/85.0.4183.102 Safari/537.36"
::1 - - [19/Sep/2020:21:07:24 +0000] "GET / HTTP/1.1" 304 - "http://localhost:8000/users/profile/5f4e8d88f0146c15e490daec" "Mozilla/5.0 (Windows NT 10.0; Win64; x64) AppleWebKit/537.36 (KHTML, like Gecko) Chrome/85.0.4183.102 Safari/537.36"
::1 - - [19/Sep/2020:21:07:33 +0000] "GET /users/profile/5f5089227e42a12804566c6f HTTP/1.1" 200 4660 "http://localhost:8000/" "Mozilla/5.0 (Windows NT 10.0; Win64; x64) AppleWebKit/537.36 (KHTML, like Gecko) Chrome/85.0.4183.102 Safari/537.36"
::1 - - [19/Sep/2020:21:09:14 +0000] "GET /users/profile/5f0f3e2f8e7ce0412c038fd1 HTTP/1.1" 304 - "http://localhost:8000/" "Mozilla/5.0 (Windows NT 10.0; Win64; x64) AppleWebKit/537.36 (KHTML, like Gecko) Chrome/85.0.4183.102 Safari/537.36"
::1 - - [19/Sep/2020:21:09:19 +0000] "GET /friends/sendreq/5f0f3e2f8e7ce0412c038fd1 HTTP/1.1" 304 - "http://localhost:8000/users/profile/5f0f3e2f8e7ce0412c038fd1" "Mozilla/5.0 (Windows NT 10.0; Win64; x64) AppleWebKit/537.36 (KHTML, like Gecko) Chrome/85.0.4183.102 Safari/537.36"
::1 - - [20/Sep/2020:12:50:42 +0000] "GET / HTTP/1.1" 200 16986 "http://localhost:8000/users/profile/5f4e8d88f0146c15e490daec" "Mozilla/5.0 (Windows NT 10.0; Win64; x64) AppleWebKit/537.36 (KHTML, like Gecko) Chrome/85.0.4183.102 Safari/537.36"
::1 - - [20/Sep/2020:12:50:45 +0000] "GET /favicon.ico HTTP/1.1" 404 150 "http://localhost:8000/" "Mozilla/5.0 (Windows NT 10.0; Win64; x64) AppleWebKit/537.36 (KHTML, like Gecko) Chrome/85.0.4183.102 Safari/537.36"
::1 - - [20/Sep/2020:12:50:51 +0000] "GET /users/sign-in HTTP/1.1" 200 3617 "http://localhost:8000/" "Mozilla/5.0 (Windows NT 10.0; Win64; x64) AppleWebKit/537.36 (KHTML, like Gecko) Chrome/85.0.4183.102 Safari/537.36"
::1 - - [20/Sep/2020:12:50:59 +0000] "POST /users/create-session HTTP/1.1" 302 46 "http://localhost:8000/users/sign-in" "Mozilla/5.0 (Windows NT 10.0; Win64; x64) AppleWebKit/537.36 (KHTML, like Gecko) Chrome/85.0.4183.102 Safari/537.36"
::1 - - [20/Sep/2020:12:51:00 +0000] "GET / HTTP/1.1" 200 26155 "http://localhost:8000/users/sign-in" "Mozilla/5.0 (Windows NT 10.0; Win64; x64) AppleWebKit/537.36 (KHTML, like Gecko) Chrome/85.0.4183.102 Safari/537.36"
::1 - - [20/Sep/2020:12:51:16 +0000] "GET /?text=hello HTTP/1.1" 200 25879 "http://localhost:8000/" "Mozilla/5.0 (Windows NT 10.0; Win64; x64) AppleWebKit/537.36 (KHTML, like Gecko) Chrome/85.0.4183.102 Safari/537.36"
::1 - - [20/Sep/2020:12:51:16 +0000] "GET /chat/5f0f3e2f8e7ce0412c038fd1 HTTP/1.1" - - "http://localhost:8000/" "Mozilla/5.0 (Windows NT 10.0; Win64; x64) AppleWebKit/537.36 (KHTML, like Gecko) Chrome/85.0.4183.102 Safari/537.36"
::1 - - [20/Sep/2020:12:51:25 +0000] "GET /?text=hi+there+%21 HTTP/1.1" 200 25879 "http://localhost:8000/?text=hello" "Mozilla/5.0 (Windows NT 10.0; Win64; x64) AppleWebKit/537.36 (KHTML, like Gecko) Chrome/85.0.4183.102 Safari/537.36"
::1 - - [20/Sep/2020:12:53:29 +0000] "GET /chat/5f0f3e2f8e7ce0412c038fd1 HTTP/1.1" - - "http://localhost:8000/?text=hi+there+%21" "Mozilla/5.0 (Windows NT 10.0; Win64; x64) AppleWebKit/537.36 (KHTML, like Gecko) Chrome/85.0.4183.102 Safari/537.36"
::1 - - [20/Sep/2020:12:53:53 +0000] "GET /chat/5f0f3e2f8e7ce0412c038fd1 HTTP/1.1" - - "http://localhost:8000/?text=hi+there+%21" "Mozilla/5.0 (Windows NT 10.0; Win64; x64) AppleWebKit/537.36 (KHTML, like Gecko) Chrome/85.0.4183.102 Safari/537.36"
::1 - - [20/Sep/2020:12:55:29 +0000] "GET /chat/5f0f3e2f8e7ce0412c038fd1 HTTP/1.1" - - "http://localhost:8000/?text=hi+there+%21" "Mozilla/5.0 (Windows NT 10.0; Win64; x64) AppleWebKit/537.36 (KHTML, like Gecko) Chrome/85.0.4183.102 Safari/537.36"
::1 - - [20/Sep/2020:12:59:28 +0000] "GET /?text=hi+there+%21 HTTP/1.1" 304 - "http://localhost:8000/?text=hello" "Mozilla/5.0 (Windows NT 10.0; Win64; x64) AppleWebKit/537.36 (KHTML, like Gecko) Chrome/85.0.4183.102 Safari/537.36"
::1 - - [20/Sep/2020:13:01:10 +0000] "GET /?text=hi+there+%21 HTTP/1.1" 200 25880 "http://localhost:8000/?text=hello" "Mozilla/5.0 (Windows NT 10.0; Win64; x64) AppleWebKit/537.36 (KHTML, like Gecko) Chrome/85.0.4183.102 Safari/537.36"
::1 - - [20/Sep/2020:13:04:10 +0000] "GET /?text=hi+there+%21 HTTP/1.1" 500 2039 "http://localhost:8000/?text=hello" "Mozilla/5.0 (Windows NT 10.0; Win64; x64) AppleWebKit/537.36 (KHTML, like Gecko) Chrome/85.0.4183.102 Safari/537.36"
::1 - - [20/Sep/2020:13:04:32 +0000] "GET /?text=hi+there+%21 HTTP/1.1" 500 2039 "http://localhost:8000/?text=hello" "Mozilla/5.0 (Windows NT 10.0; Win64; x64) AppleWebKit/537.36 (KHTML, like Gecko) Chrome/85.0.4183.102 Safari/537.36"
::1 - - [20/Sep/2020:13:04:36 +0000] "GET /?text=hello HTTP/1.1" 500 2039 "http://localhost:8000/" "Mozilla/5.0 (Windows NT 10.0; Win64; x64) AppleWebKit/537.36 (KHTML, like Gecko) Chrome/85.0.4183.102 Safari/537.36"
::1 - - [20/Sep/2020:13:04:47 +0000] "GET /?text=hello HTTP/1.1" 500 2039 "http://localhost:8000/" "Mozilla/5.0 (Windows NT 10.0; Win64; x64) AppleWebKit/537.36 (KHTML, like Gecko) Chrome/85.0.4183.102 Safari/537.36"
::1 - - [20/Sep/2020:13:06:09 +0000] "GET /?text=hello HTTP/1.1" 200 25827 "http://localhost:8000/" "Mozilla/5.0 (Windows NT 10.0; Win64; x64) AppleWebKit/537.36 (KHTML, like Gecko) Chrome/85.0.4183.102 Safari/537.36"
::1 - - [20/Sep/2020:13:06:16 +0000] "GET /?text=hello HTTP/1.1" 304 - "http://localhost:8000/?text=hello" "Mozilla/5.0 (Windows NT 10.0; Win64; x64) AppleWebKit/537.36 (KHTML, like Gecko) Chrome/85.0.4183.102 Safari/537.36"
::1 - - [20/Sep/2020:13:11:14 +0000] "GET /?text=hello HTTP/1.1" 200 25839 "http://localhost:8000/?text=hello" "Mozilla/5.0 (Windows NT 10.0; Win64; x64) AppleWebKit/537.36 (KHTML, like Gecko) Chrome/85.0.4183.102 Safari/537.36"
::1 - - [20/Sep/2020:13:11:55 +0000] "GET / HTTP/1.1" 200 25839 "-" "Mozilla/5.0 (Windows NT 10.0; Win64; x64) AppleWebKit/537.36 (KHTML, like Gecko) Chrome/85.0.4183.102 Safari/537.36"
::1 - - [20/Sep/2020:13:11:56 +0000] "GET /favicon.ico HTTP/1.1" 404 150 "http://localhost:5000/" "Mozilla/5.0 (Windows NT 10.0; Win64; x64) AppleWebKit/537.36 (KHTML, like Gecko) Chrome/85.0.4183.102 Safari/537.36"
::1 - - [20/Sep/2020:13:12:16 +0000] "GET /users/sign-out HTTP/1.1" 302 46 "http://localhost:5000/" "Mozilla/5.0 (Windows NT 10.0; Win64; x64) AppleWebKit/537.36 (KHTML, like Gecko) Chrome/85.0.4183.102 Safari/537.36"
::1 - - [20/Sep/2020:13:12:16 +0000] "GET / HTTP/1.1" 200 17203 "http://localhost:5000/" "Mozilla/5.0 (Windows NT 10.0; Win64; x64) AppleWebKit/537.36 (KHTML, like Gecko) Chrome/85.0.4183.102 Safari/537.36"
::1 - - [20/Sep/2020:13:12:22 +0000] "GET /users/sign-in HTTP/1.1" 200 3617 "http://localhost:5000/" "Mozilla/5.0 (Windows NT 10.0; Win64; x64) AppleWebKit/537.36 (KHTML, like Gecko) Chrome/85.0.4183.102 Safari/537.36"
::1 - - [20/Sep/2020:13:12:29 +0000] "GET /users/auth/google HTTP/1.1" 302 0 "http://localhost:5000/users/sign-in" "Mozilla/5.0 (Windows NT 10.0; Win64; x64) AppleWebKit/537.36 (KHTML, like Gecko) Chrome/85.0.4183.102 Safari/537.36"
::1 - - [20/Sep/2020:13:12:37 +0000] "GET /users/auth/google/callback?code=4/4QFj40fdzt2tYWSnY3Pv08z7jXJ2cUaYk5WxDGN5flXXoLz0EN5MLiZdfwlKShFTJatYKWwRQ1O6-ehF1WZymq8&scope=email%20profile%20https://www.googleapis.com/auth/userinfo.profile%20https://www.googleapis.com/auth/userinfo.email%20openid&authuser=2&hd=thapar.edu&prompt=none HTTP/1.1" 302 46 "-" "Mozilla/5.0 (Windows NT 10.0; Win64; x64) AppleWebKit/537.36 (KHTML, like Gecko) Chrome/85.0.4183.102 Safari/537.36"
::1 - - [20/Sep/2020:13:12:37 +0000] "GET / HTTP/1.1" 200 23190 "-" "Mozilla/5.0 (Windows NT 10.0; Win64; x64) AppleWebKit/537.36 (KHTML, like Gecko) Chrome/85.0.4183.102 Safari/537.36"
::1 - - [20/Sep/2020:13:13:05 +0000] "GET /?text= HTTP/1.1" 200 22914 "http://localhost:8000/" "Mozilla/5.0 (Windows NT 10.0; Win64; x64) AppleWebKit/537.36 (KHTML, like Gecko) Chrome/85.0.4183.102 Safari/537.36"
::1 - - [20/Sep/2020:13:17:08 +0000] "GET /?text= HTTP/1.1" 200 22854 "http://localhost:8000/" "Mozilla/5.0 (Windows NT 10.0; Win64; x64) AppleWebKit/537.36 (KHTML, like Gecko) Chrome/85.0.4183.102 Safari/537.36"
::1 - - [20/Sep/2020:13:17:54 +0000] "GET /?text= HTTP/1.1" 200 22854 "http://localhost:8000/" "Mozilla/5.0 (Windows NT 10.0; Win64; x64) AppleWebKit/537.36 (KHTML, like Gecko) Chrome/85.0.4183.102 Safari/537.36"
::1 - - [20/Sep/2020:13:18:05 +0000] "GET /?text=hello HTTP/1.1" 200 22854 "http://localhost:8000/?text=hello" "Mozilla/5.0 (Windows NT 10.0; Win64; x64) AppleWebKit/537.36 (KHTML, like Gecko) Chrome/85.0.4183.102 Safari/537.36"
::1 - - [20/Sep/2020:13:19:36 +0000] "GET /?text=hello HTTP/1.1" 200 22891 "http://localhost:8000/?text=hello" "Mozilla/5.0 (Windows NT 10.0; Win64; x64) AppleWebKit/537.36 (KHTML, like Gecko) Chrome/85.0.4183.102 Safari/537.36"
::1 - - [20/Sep/2020:13:19:47 +0000] "GET /?text= HTTP/1.1" 200 22891 "http://localhost:8000/?text=hello" "Mozilla/5.0 (Windows NT 10.0; Win64; x64) AppleWebKit/537.36 (KHTML, like Gecko) Chrome/85.0.4183.102 Safari/537.36"
::1 - - [20/Sep/2020:13:19:55 +0000] "GET /?text= HTTP/1.1" 304 - "http://localhost:8000/?text=" "Mozilla/5.0 (Windows NT 10.0; Win64; x64) AppleWebKit/537.36 (KHTML, like Gecko) Chrome/85.0.4183.102 Safari/537.36"
::1 - - [20/Sep/2020:13:20:05 +0000] "GET /?text= HTTP/1.1" 304 - "http://localhost:8000/?text=" "Mozilla/5.0 (Windows NT 10.0; Win64; x64) AppleWebKit/537.36 (KHTML, like Gecko) Chrome/85.0.4183.102 Safari/537.36"
::1 - - [20/Sep/2020:13:20:12 +0000] "GET /?text= HTTP/1.1" 304 - "http://localhost:8000/" "Mozilla/5.0 (Windows NT 10.0; Win64; x64) AppleWebKit/537.36 (KHTML, like Gecko) Chrome/85.0.4183.102 Safari/537.36"
::1 - - [20/Sep/2020:13:20:18 +0000] "GET /?text= HTTP/1.1" 304 - "http://localhost:8000/?text=" "Mozilla/5.0 (Windows NT 10.0; Win64; x64) AppleWebKit/537.36 (KHTML, like Gecko) Chrome/85.0.4183.102 Safari/537.36"
::1 - - [20/Sep/2020:13:20:41 +0000] "GET /?text= HTTP/1.1" 304 - "http://localhost:8000/?text=" "Mozilla/5.0 (Windows NT 10.0; Win64; x64) AppleWebKit/537.36 (KHTML, like Gecko) Chrome/85.0.4183.102 Safari/537.36"
::1 - - [20/Sep/2020:13:20:52 +0000] "GET /?text= HTTP/1.1" 304 - "http://localhost:8000/?text=" "Mozilla/5.0 (Windows NT 10.0; Win64; x64) AppleWebKit/537.36 (KHTML, like Gecko) Chrome/85.0.4183.102 Safari/537.36"
::1 - - [20/Sep/2020:13:23:24 +0000] "GET /?text= HTTP/1.1" 304 - "http://localhost:8000/?text=" "Mozilla/5.0 (Windows NT 10.0; Win64; x64) AppleWebKit/537.36 (KHTML, like Gecko) Chrome/85.0.4183.102 Safari/537.36"
::1 - - [20/Sep/2020:13:23:30 +0000] "GET /?text= HTTP/1.1" 304 - "http://localhost:8000/?text=" "Mozilla/5.0 (Windows NT 10.0; Win64; x64) AppleWebKit/537.36 (KHTML, like Gecko) Chrome/85.0.4183.102 Safari/537.36"
::1 - - [20/Sep/2020:13:23:35 +0000] "GET /?text= HTTP/1.1" 304 - "http://localhost:8000/?text=" "Mozilla/5.0 (Windows NT 10.0; Win64; x64) AppleWebKit/537.36 (KHTML, like Gecko) Chrome/85.0.4183.102 Safari/537.36"
::1 - - [20/Sep/2020:13:24:23 +0000] "GET / HTTP/1.1" 200 22891 "-" "Mozilla/5.0 (Windows NT 10.0; Win64; x64) AppleWebKit/537.36 (KHTML, like Gecko) Chrome/85.0.4183.102 Safari/537.36"
::1 - - [20/Sep/2020:13:24:50 +0000] "GET /?text= HTTP/1.1" 200 22891 "http://localhost:5000/" "Mozilla/5.0 (Windows NT 10.0; Win64; x64) AppleWebKit/537.36 (KHTML, like Gecko) Chrome/85.0.4183.102 Safari/537.36"
::1 - - [20/Sep/2020:13:24:53 +0000] "GET /users/sign-out HTTP/1.1" 302 46 "http://localhost:5000/?text=" "Mozilla/5.0 (Windows NT 10.0; Win64; x64) AppleWebKit/537.36 (KHTML, like Gecko) Chrome/85.0.4183.102 Safari/537.36"
::1 - - [20/Sep/2020:13:24:53 +0000] "GET / HTTP/1.1" 200 17203 "http://localhost:5000/?text=" "Mozilla/5.0 (Windows NT 10.0; Win64; x64) AppleWebKit/537.36 (KHTML, like Gecko) Chrome/85.0.4183.102 Safari/537.36"
::1 - - [20/Sep/2020:13:24:59 +0000] "GET /users/sign-in HTTP/1.1" 304 - "http://localhost:5000/" "Mozilla/5.0 (Windows NT 10.0; Win64; x64) AppleWebKit/537.36 (KHTML, like Gecko) Chrome/85.0.4183.102 Safari/537.36"
::1 - - [20/Sep/2020:13:25:11 +0000] "POST /users/create-session HTTP/1.1" 302 46 "http://localhost:5000/users/sign-in" "Mozilla/5.0 (Windows NT 10.0; Win64; x64) AppleWebKit/537.36 (KHTML, like Gecko) Chrome/85.0.4183.102 Safari/537.36"
::1 - - [20/Sep/2020:13:25:11 +0000] "GET / HTTP/1.1" 200 26092 "http://localhost:5000/users/sign-in" "Mozilla/5.0 (Windows NT 10.0; Win64; x64) AppleWebKit/537.36 (KHTML, like Gecko) Chrome/85.0.4183.102 Safari/537.36"
::1 - - [20/Sep/2020:13:25:29 +0000] "GET /chat/5f0f3e2f8e7ce0412c038fd1 HTTP/1.1" 200 872 "http://localhost:5000/" "Mozilla/5.0 (Windows NT 10.0; Win64; x64) AppleWebKit/537.36 (KHTML, like Gecko) Chrome/85.0.4183.102 Safari/537.36"
::1 - - [20/Sep/2020:13:25:40 +0000] "GET /chat/5f0f3e2f8e7ce0412c038fd1 HTTP/1.1" 304 - "http://localhost:5000/" "Mozilla/5.0 (Windows NT 10.0; Win64; x64) AppleWebKit/537.36 (KHTML, like Gecko) Chrome/85.0.4183.102 Safari/537.36"
::1 - - [20/Sep/2020:13:25:49 +0000] "GET /?text= HTTP/1.1" 200 25816 "http://localhost:5000/" "Mozilla/5.0 (Windows NT 10.0; Win64; x64) AppleWebKit/537.36 (KHTML, like Gecko) Chrome/85.0.4183.102 Safari/537.36"
::1 - - [20/Sep/2020:13:25:58 +0000] "GET /?text= HTTP/1.1" 304 - "http://localhost:5000/?text=" "Mozilla/5.0 (Windows NT 10.0; Win64; x64) AppleWebKit/537.36 (KHTML, like Gecko) Chrome/85.0.4183.102 Safari/537.36"
::ffff:127.0.0.1 - - [20/Sep/2020:13:35:14 +0000] "GET /?text= HTTP/1.1" 304 - "http://localhost:5000/?text=" "Mozilla/5.0 (Windows NT 10.0; Win64; x64) AppleWebKit/537.36 (KHTML, like Gecko) Chrome/85.0.4183.102 Safari/537.36"
::1 - - [20/Sep/2020:13:35:20 +0000] "GET /?text= HTTP/1.1" 304 - "http://localhost:5000/?text=" "Mozilla/5.0 (Windows NT 10.0; Win64; x64) AppleWebKit/537.36 (KHTML, like Gecko) Chrome/85.0.4183.102 Safari/537.36"
::1 - - [20/Sep/2020:13:35:37 +0000] "GET /chat/5f0f3e2f8e7ce0412c038fd1 HTTP/1.1" 304 - "http://localhost:5000/?text=" "Mozilla/5.0 (Windows NT 10.0; Win64; x64) AppleWebKit/537.36 (KHTML, like Gecko) Chrome/85.0.4183.102 Safari/537.36"
::1 - - [20/Sep/2020:13:35:41 +0000] "GET /?text= HTTP/1.1" 304 - "http://localhost:5000/?text=" "Mozilla/5.0 (Windows NT 10.0; Win64; x64) AppleWebKit/537.36 (KHTML, like Gecko) Chrome/85.0.4183.102 Safari/537.36"
::1 - - [20/Sep/2020:13:35:56 +0000] "GET /?text= HTTP/1.1" 200 25816 "http://localhost:8000/?text=" "Mozilla/5.0 (Windows NT 10.0; Win64; x64) AppleWebKit/537.36 (KHTML, like Gecko) Chrome/85.0.4183.102 Safari/537.36"
::1 - - [20/Sep/2020:13:42:39 +0000] "GET /?text= HTTP/1.1" 200 25816 "http://localhost:5000/?text=" "Mozilla/5.0 (Windows NT 10.0; Win64; x64) AppleWebKit/537.36 (KHTML, like Gecko) Chrome/85.0.4183.102 Safari/537.36"
::1 - - [20/Sep/2020:13:42:57 +0000] "GET /chat/5f0f3e2f8e7ce0412c038fd1 HTTP/1.1" 304 - "http://localhost:5000/?text=" "Mozilla/5.0 (Windows NT 10.0; Win64; x64) AppleWebKit/537.36 (KHTML, like Gecko) Chrome/85.0.4183.102 Safari/537.36"
::1 - - [20/Sep/2020:13:43:04 +0000] "GET /?text= HTTP/1.1" 304 - "http://localhost:5000/?text=" "Mozilla/5.0 (Windows NT 10.0; Win64; x64) AppleWebKit/537.36 (KHTML, like Gecko) Chrome/85.0.4183.102 Safari/537.36"
::1 - - [20/Sep/2020:13:43:13 +0000] "GET /?text= HTTP/1.1" 200 25816 "http://localhost:8000/?text=" "Mozilla/5.0 (Windows NT 10.0; Win64; x64) AppleWebKit/537.36 (KHTML, like Gecko) Chrome/85.0.4183.102 Safari/537.36"
::1 - - [20/Sep/2020:13:44:36 +0000] "POST /search HTTP/1.1" 200 368 "http://localhost:8000/?text=" "Mozilla/5.0 (Windows NT 10.0; Win64; x64) AppleWebKit/537.36 (KHTML, like Gecko) Chrome/85.0.4183.102 Safari/537.36"
::1 - - [20/Sep/2020:13:44:38 +0000] "GET /users/profile/5f4e8d88f0146c15e490daec HTTP/1.1" 200 4312 "http://localhost:8000/?text=" "Mozilla/5.0 (Windows NT 10.0; Win64; x64) AppleWebKit/537.36 (KHTML, like Gecko) Chrome/85.0.4183.102 Safari/537.36"
::1 - - [20/Sep/2020:13:44:55 +0000] "POST /comments/create HTTP/1.1" 200 340 "http://localhost:8000/?text=" "Mozilla/5.0 (Windows NT 10.0; Win64; x64) AppleWebKit/537.36 (KHTML, like Gecko) Chrome/85.0.4183.102 Safari/537.36"
::1 - - [20/Sep/2020:13:49:00 +0000] "GET /?text= HTTP/1.1" 200 26498 "http://localhost:8000/?text=" "Mozilla/5.0 (Windows NT 10.0; Win64; x64) AppleWebKit/537.36 (KHTML, like Gecko) Chrome/85.0.4183.102 Safari/537.36"
::1 - - [20/Sep/2020:13:49:04 +0000] "GET /?text= HTTP/1.1" 304 - "http://localhost:8000/?text=" "Mozilla/5.0 (Windows NT 10.0; Win64; x64) AppleWebKit/537.36 (KHTML, like Gecko) Chrome/85.0.4183.102 Safari/537.36"
::1 - - [20/Sep/2020:13:51:28 +0000] "GET /?text= HTTP/1.1" 304 - "http://localhost:8000/?text=" "Mozilla/5.0 (Windows NT 10.0; Win64; x64) AppleWebKit/537.36 (KHTML, like Gecko) Chrome/85.0.4183.102 Safari/537.36"
::1 - - [20/Sep/2020:13:51:34 +0000] "GET /chat/5f0f3e2f8e7ce0412c038fd1 HTTP/1.1" 200 872 "http://localhost:8000/?text=" "Mozilla/5.0 (Windows NT 10.0; Win64; x64) AppleWebKit/537.36 (KHTML, like Gecko) Chrome/85.0.4183.102 Safari/537.36"
::1 - - [20/Sep/2020:13:51:39 +0000] "GET /?text= HTTP/1.1" 304 - "http://localhost:8000/?text=" "Mozilla/5.0 (Windows NT 10.0; Win64; x64) AppleWebKit/537.36 (KHTML, like Gecko) Chrome/85.0.4183.102 Safari/537.36"
::1 - - [20/Sep/2020:13:51:45 +0000] "GET /?text= HTTP/1.1" 304 - "http://localhost:8000/?text=" "Mozilla/5.0 (Windows NT 10.0; Win64; x64) AppleWebKit/537.36 (KHTML, like Gecko) Chrome/85.0.4183.102 Safari/537.36"
::1 - - [20/Sep/2020:13:51:53 +0000] "GET /?text= HTTP/1.1" 200 26498 "http://localhost:5000/?text=" "Mozilla/5.0 (Windows NT 10.0; Win64; x64) AppleWebKit/537.36 (KHTML, like Gecko) Chrome/85.0.4183.102 Safari/537.36"
::1 - - [20/Sep/2020:13:54:29 +0000] "GET /?text= HTTP/1.1" 200 26498 "http://localhost:8000/?text=" "Mozilla/5.0 (Windows NT 10.0; Win64; x64) AppleWebKit/537.36 (KHTML, like Gecko) Chrome/85.0.4183.102 Safari/537.36"
::1 - - [20/Sep/2020:13:54:38 +0000] "GET /chat/5f0f3e2f8e7ce0412c038fd1 HTTP/1.1" 304 - "http://localhost:8000/?text=" "Mozilla/5.0 (Windows NT 10.0; Win64; x64) AppleWebKit/537.36 (KHTML, like Gecko) Chrome/85.0.4183.102 Safari/537.36"
::1 - - [20/Sep/2020:13:54:59 +0000] "GET /users/sign-out HTTP/1.1" 302 46 "http://localhost:8000/?text=" "Mozilla/5.0 (Windows NT 10.0; Win64; x64) AppleWebKit/537.36 (KHTML, like Gecko) Chrome/85.0.4183.102 Safari/537.36"
::1 - - [20/Sep/2020:13:54:59 +0000] "GET / HTTP/1.1" 200 17727 "http://localhost:8000/?text=" "Mozilla/5.0 (Windows NT 10.0; Win64; x64) AppleWebKit/537.36 (KHTML, like Gecko) Chrome/85.0.4183.102 Safari/537.36"
::1 - - [20/Sep/2020:13:55:03 +0000] "GET /users/sign-in HTTP/1.1" 200 3617 "http://localhost:8000/" "Mozilla/5.0 (Windows NT 10.0; Win64; x64) AppleWebKit/537.36 (KHTML, like Gecko) Chrome/85.0.4183.102 Safari/537.36"
::1 - - [20/Sep/2020:13:55:08 +0000] "GET /users/auth/google HTTP/1.1" 302 0 "http://localhost:8000/users/sign-in" "Mozilla/5.0 (Windows NT 10.0; Win64; x64) AppleWebKit/537.36 (KHTML, like Gecko) Chrome/85.0.4183.102 Safari/537.36"
::1 - - [20/Sep/2020:13:55:13 +0000] "GET /users/auth/google/callback?code=4/4QEOsvDmo1FUOWR62WbdZtqZMTR7wnule_8xoGLrRC-BUMvxk0BDB5Pe9cVgxLwn-AHWnYNEX4poyFZTakan_vs&scope=email%20profile%20openid%20https://www.googleapis.com/auth/userinfo.profile%20https://www.googleapis.com/auth/userinfo.email&authuser=2&hd=thapar.edu&prompt=none HTTP/1.1" 302 46 "-" "Mozilla/5.0 (Windows NT 10.0; Win64; x64) AppleWebKit/537.36 (KHTML, like Gecko) Chrome/85.0.4183.102 Safari/537.36"
::1 - - [20/Sep/2020:13:55:13 +0000] "GET / HTTP/1.1" 200 23849 "-" "Mozilla/5.0 (Windows NT 10.0; Win64; x64) AppleWebKit/537.36 (KHTML, like Gecko) Chrome/85.0.4183.102 Safari/537.36"
::1 - - [20/Sep/2020:13:55:34 +0000] "GET /users/sign-out HTTP/1.1" 302 46 "http://localhost:8000/" "Mozilla/5.0 (Windows NT 10.0; Win64; x64) AppleWebKit/537.36 (KHTML, like Gecko) Chrome/85.0.4183.102 Safari/537.36"
::1 - - [20/Sep/2020:13:55:34 +0000] "GET / HTTP/1.1" 200 17727 "http://localhost:8000/" "Mozilla/5.0 (Windows NT 10.0; Win64; x64) AppleWebKit/537.36 (KHTML, like Gecko) Chrome/85.0.4183.102 Safari/537.36"
::1 - - [20/Sep/2020:13:55:38 +0000] "GET /users/sign-in HTTP/1.1" 304 - "http://localhost:8000/" "Mozilla/5.0 (Windows NT 10.0; Win64; x64) AppleWebKit/537.36 (KHTML, like Gecko) Chrome/85.0.4183.102 Safari/537.36"
::1 - - [20/Sep/2020:13:55:41 +0000] "GET /users/auth/google HTTP/1.1" 302 0 "http://localhost:8000/users/sign-in" "Mozilla/5.0 (Windows NT 10.0; Win64; x64) AppleWebKit/537.36 (KHTML, like Gecko) Chrome/85.0.4183.102 Safari/537.36"
::1 - - [20/Sep/2020:13:55:46 +0000] "GET /users/auth/google/callback?code=4%2F4QEiqwwJbpYOcFWsR36tXPvFZyv1SzqiGiscoKOOItxn-41EprehWbWMPnYv9R9FEF_IgdfBbFDPP4T4dRbcwkQ&scope=email+profile+https%3A%2F%2Fwww.googleapis.com%2Fauth%2Fuserinfo.profile+https%3A%2F%2Fwww.googleapis.com%2Fauth%2Fuserinfo.email+openid&authuser=3&prompt=consent HTTP/1.1" 302 46 "-" "Mozilla/5.0 (Windows NT 10.0; Win64; x64) AppleWebKit/537.36 (KHTML, like Gecko) Chrome/85.0.4183.102 Safari/537.36"
::1 - - [20/Sep/2020:13:55:46 +0000] "GET / HTTP/1.1" 200 26634 "-" "Mozilla/5.0 (Windows NT 10.0; Win64; x64) AppleWebKit/537.36 (KHTML, like Gecko) Chrome/85.0.4183.102 Safari/537.36"
::1 - - [20/Sep/2020:13:55:52 +0000] "GET /chat/5f5089227e42a12804566c6f HTTP/1.1" 200 886 "http://localhost:8000/" "Mozilla/5.0 (Windows NT 10.0; Win64; x64) AppleWebKit/537.36 (KHTML, like Gecko) Chrome/85.0.4183.102 Safari/537.36"
::1 - - [20/Sep/2020:13:56:13 +0000] "GET /?text= HTTP/1.1" 200 26358 "http://localhost:5000/?text=" "Mozilla/5.0 (Windows NT 10.0; Win64; x64) AppleWebKit/537.36 (KHTML, like Gecko) Chrome/85.0.4183.102 Safari/537.36"
::1 - - [20/Sep/2020:13:57:14 +0000] "GET /users/sign-out HTTP/1.1" 302 46 "http://localhost:5000/?text=" "Mozilla/5.0 (Windows NT 10.0; Win64; x64) AppleWebKit/537.36 (KHTML, like Gecko) Chrome/85.0.4183.102 Safari/537.36"
::1 - - [20/Sep/2020:13:57:14 +0000] "GET / HTTP/1.1" 200 17727 "http://localhost:5000/?text=" "Mozilla/5.0 (Windows NT 10.0; Win64; x64) AppleWebKit/537.36 (KHTML, like Gecko) Chrome/85.0.4183.102 Safari/537.36"
::1 - - [20/Sep/2020:13:57:19 +0000] "GET /users/sign-in HTTP/1.1" 200 3617 "http://localhost:5000/" "Mozilla/5.0 (Windows NT 10.0; Win64; x64) AppleWebKit/537.36 (KHTML, like Gecko) Chrome/85.0.4183.102 Safari/537.36"
::1 - - [20/Sep/2020:13:57:27 +0000] "POST /users/create-session HTTP/1.1" 302 46 "http://localhost:5000/users/sign-in" "Mozilla/5.0 (Windows NT 10.0; Win64; x64) AppleWebKit/537.36 (KHTML, like Gecko) Chrome/85.0.4183.102 Safari/537.36"
::1 - - [20/Sep/2020:13:57:27 +0000] "GET / HTTP/1.1" 200 26774 "http://localhost:5000/users/sign-in" "Mozilla/5.0 (Windows NT 10.0; Win64; x64) AppleWebKit/537.36 (KHTML, like Gecko) Chrome/85.0.4183.102 Safari/537.36"
::1 - - [20/Sep/2020:13:59:55 +0000] "GET /users/profile/5f0f3e2f8e7ce0412c038fd1 HTTP/1.1" 200 4169 "http://localhost:8000/" "Mozilla/5.0 (Windows NT 10.0; Win64; x64) AppleWebKit/537.36 (KHTML, like Gecko) Chrome/85.0.4183.102 Safari/537.36"
::1 - - [20/Sep/2020:13:59:59 +0000] "GET / HTTP/1.1" 200 26498 "http://localhost:8000/users/profile/5f0f3e2f8e7ce0412c038fd1" "Mozilla/5.0 (Windows NT 10.0; Win64; x64) AppleWebKit/537.36 (KHTML, like Gecko) Chrome/85.0.4183.102 Safari/537.36"
::1 - - [20/Sep/2020:14:03:04 +0000] "GET /users/profile/5f5089227e42a12804566c6f HTTP/1.1" 200 4660 "http://localhost:8000/" "Mozilla/5.0 (Windows NT 10.0; Win64; x64) AppleWebKit/537.36 (KHTML, like Gecko) Chrome/85.0.4183.102 Safari/537.36"
::1 - - [20/Sep/2020:14:08:48 +0000] "POST /search HTTP/1.1" 200 368 "http://localhost:8000/" "Mozilla/5.0 (Windows NT 10.0; Win64; x64) AppleWebKit/537.36 (KHTML, like Gecko) Chrome/85.0.4183.102 Safari/537.36"
::1 - - [20/Sep/2020:14:08:50 +0000] "GET /users/profile/5f4e8d88f0146c15e490daec HTTP/1.1" 304 - "http://localhost:8000/" "Mozilla/5.0 (Windows NT 10.0; Win64; x64) AppleWebKit/537.36 (KHTML, like Gecko) Chrome/85.0.4183.102 Safari/537.36"
::1 - - [20/Sep/2020:14:36:10 +0000] "GET /chat/5f0f3e2f8e7ce0412c038fd1 HTTP/1.1" 304 - "http://localhost:5000/" "Mozilla/5.0 (Windows NT 10.0; Win64; x64) AppleWebKit/537.36 (KHTML, like Gecko) Chrome/85.0.4183.102 Safari/537.36"
::1 - - [20/Sep/2020:14:36:16 +0000] "GET /chat/5f0f3e2f8e7ce0412c038fd1 HTTP/1.1" 304 - "http://localhost:5000/" "Mozilla/5.0 (Windows NT 10.0; Win64; x64) AppleWebKit/537.36 (KHTML, like Gecko) Chrome/85.0.4183.102 Safari/537.36"
